{"C:\\wamp64\\www\\UmbraEternum\\src\\config\\database.ts": {"path":"C:\\wamp64\\www\\UmbraEternum\\src\\config\\database.ts","statementMap":{"0":{"start":{"line":1,"column":0},"end":{"line":1,"column":35}},"1":{"start":{"line":2,"column":0},"end":{"line":2,"column":28}},"2":{"start":{"line":4,"column":0},"end":{"line":4,"column":16}},"3":{"start":{"line":18,"column":27},"end":{"line":31,"column":2}},"4":{"start":{"line":34,"column":13},"end":{"line":34,"column":39}},"5":{"start":{"line":48,"column":9},"end":{"line":48,"column":13}},"6":{"start":{"line":37,"column":23},"end":{"line":46,"column":1}},"7":{"start":{"line":38,"column":2},"end":{"line":45,"column":3}},"8":{"start":{"line":39,"column":23},"end":{"line":39,"column":49}},"9":{"start":{"line":40,"column":4},"end":{"line":40,"column":74}},"10":{"start":{"line":41,"column":4},"end":{"line":41,"column":25}},"11":{"start":{"line":43,"column":4},"end":{"line":43,"column":67}},"12":{"start":{"line":44,"column":4},"end":{"line":44,"column":20}},"13":{"start":{"line":48,"column":15},"end":{"line":48,"column":29}},"14":{"start":{"line":49,"column":0},"end":{"line":49,"column":24}}},"fnMap":{"0":{"name":"(anonymous_1)","decl":{"start":{"line":37,"column":23},"end":{"line":37,"column":28}},"loc":{"start":{"line":37,"column":49},"end":{"line":46,"column":1}}}},"branchMap":{"0":{"loc":{"start":{"line":19,"column":8},"end":{"line":19,"column":42}},"type":"binary-expr","locations":[{"start":{"line":19,"column":8},"end":{"line":19,"column":27}},{"start":{"line":19,"column":31},"end":{"line":19,"column":42}}]},"1":{"loc":{"start":{"line":20,"column":17},"end":{"line":20,"column":46}},"type":"binary-expr","locations":[{"start":{"line":20,"column":17},"end":{"line":20,"column":36}},{"start":{"line":20,"column":40},"end":{"line":20,"column":46}}]},"2":{"loc":{"start":{"line":21,"column":8},"end":{"line":21,"column":37}},"type":"binary-expr","locations":[{"start":{"line":21,"column":8},"end":{"line":21,"column":27}},{"start":{"line":21,"column":31},"end":{"line":21,"column":37}}]},"3":{"loc":{"start":{"line":22,"column":12},"end":{"line":22,"column":52}},"type":"binary-expr","locations":[{"start":{"line":22,"column":12},"end":{"line":22,"column":35}},{"start":{"line":22,"column":39},"end":{"line":22,"column":52}}]},"4":{"loc":{"start":{"line":23,"column":12},"end":{"line":23,"column":53}},"type":"binary-expr","locations":[{"start":{"line":23,"column":12},"end":{"line":23,"column":31}},{"start":{"line":23,"column":35},"end":{"line":23,"column":53}}]},"5":{"loc":{"start":{"line":28,"column":6},"end":{"line":30,"column":4}},"type":"binary-expr","locations":[{"start":{"line":28,"column":6},"end":{"line":28,"column":43}},{"start":{"line":28,"column":47},"end":{"line":30,"column":4}}]}},"s":{"0":0,"1":0,"2":0,"3":0,"4":0,"5":0,"6":0,"7":0,"8":0,"9":0,"10":0,"11":0,"12":0,"13":0,"14":0},"f":{"0":0},"b":{"0":[0,0],"1":[0,0],"2":[0,0],"3":[0,0],"4":[0,0],"5":[0,0]}}
,"C:\\wamp64\\www\\UmbraEternum\\src\\config\\dbInit.ts": {"path":"C:\\wamp64\\www\\UmbraEternum\\src\\config\\dbInit.ts","statementMap":{"0":{"start":{"line":1,"column":0},"end":{"line":1,"column":34}},"1":{"start":{"line":2,"column":0},"end":{"line":2,"column":30}},"2":{"start":{"line":7,"column":27},"end":{"line":74,"column":1}},"3":{"start":{"line":8,"column":2},"end":{"line":73,"column":3}},"4":{"start":{"line":10,"column":4},"end":{"line":25,"column":7}},"5":{"start":{"line":28,"column":4},"end":{"line":53,"column":7}},"6":{"start":{"line":56,"column":4},"end":{"line":67,"column":7}},"7":{"start":{"line":69,"column":4},"end":{"line":69,"column":60}},"8":{"start":{"line":71,"column":4},"end":{"line":71,"column":65}},"9":{"start":{"line":72,"column":4},"end":{"line":72,"column":16}},"10":{"start":{"line":76,"column":0},"end":{"line":76,"column":34}}},"fnMap":{"0":{"name":"(anonymous_1)","decl":{"start":{"line":7,"column":27},"end":{"line":7,"column":32}},"loc":{"start":{"line":7,"column":53},"end":{"line":74,"column":1}}}},"branchMap":{},"s":{"0":0,"1":0,"2":0,"3":0,"4":0,"5":0,"6":0,"7":0,"8":0,"9":0,"10":0},"f":{"0":0},"b":{}}
,"C:\\wamp64\\www\\UmbraEternum\\src\\config\\io.ts": {"path":"C:\\wamp64\\www\\UmbraEternum\\src\\config\\io.ts","statementMap":{"0":{"start":{"line":8,"column":0},"end":{"line":8,"column":16}},"1":{"start":{"line":20,"column":0},"end":{"line":20,"column":16}},"2":{"start":{"line":27,"column":0},"end":{"line":27,"column":16}},"3":{"start":{"line":31,"column":0},"end":{"line":31,"column":16}},"4":{"start":{"line":35,"column":0},"end":{"line":35,"column":16}},"5":{"start":{"line":39,"column":0},"end":{"line":39,"column":16}},"6":{"start":{"line":43,"column":0},"end":{"line":43,"column":16}},"7":{"start":{"line":1,"column":0},"end":{"line":1,"column":35}},"8":{"start":{"line":5,"column":27},"end":{"line":5,"column":36}},"9":{"start":{"line":6,"column":20},"end":{"line":6,"column":21}},"10":{"start":{"line":9,"column":2},"end":{"line":15,"column":5}},"11":{"start":{"line":17,"column":2},"end":{"line":17,"column":12}},"12":{"start":{"line":21,"column":2},"end":{"line":23,"column":3}},"13":{"start":{"line":22,"column":4},"end":{"line":22,"column":54}},"14":{"start":{"line":24,"column":2},"end":{"line":24,"column":12}},"15":{"start":{"line":28,"column":2},"end":{"line":28,"column":30}},"16":{"start":{"line":32,"column":2},"end":{"line":32,"column":33}},"17":{"start":{"line":36,"column":2},"end":{"line":36,"column":23}},"18":{"start":{"line":40,"column":2},"end":{"line":40,"column":24}},"19":{"start":{"line":44,"column":2},"end":{"line":46,"column":3}},"20":{"start":{"line":45,"column":4},"end":{"line":45,"column":44}}},"fnMap":{"0":{"name":"initializeIO","decl":{"start":{"line":8,"column":16},"end":{"line":8,"column":28}},"loc":{"start":{"line":8,"column":47},"end":{"line":18,"column":1}}},"1":{"name":"getIO","decl":{"start":{"line":20,"column":16},"end":{"line":20,"column":21}},"loc":{"start":{"line":20,"column":21},"end":{"line":25,"column":1}}},"2":{"name":"getAuthenticatedSockets","decl":{"start":{"line":27,"column":16},"end":{"line":27,"column":39}},"loc":{"start":{"line":27,"column":39},"end":{"line":29,"column":1}}},"3":{"name":"setAuthenticatedSockets","decl":{"start":{"line":31,"column":16},"end":{"line":31,"column":39}},"loc":{"start":{"line":31,"column":65},"end":{"line":33,"column":1}}},"4":{"name":"getOnlinePlayers","decl":{"start":{"line":35,"column":16},"end":{"line":35,"column":32}},"loc":{"start":{"line":35,"column":32},"end":{"line":37,"column":1}}},"5":{"name":"setOnlinePlayers","decl":{"start":{"line":39,"column":16},"end":{"line":39,"column":32}},"loc":{"start":{"line":39,"column":46},"end":{"line":41,"column":1}}},"6":{"name":"broadcastPlayerCount","decl":{"start":{"line":43,"column":16},"end":{"line":43,"column":36}},"loc":{"start":{"line":43,"column":36},"end":{"line":47,"column":1}}}},"branchMap":{"0":{"loc":{"start":{"line":11,"column":14},"end":{"line":11,"column":44}},"type":"binary-expr","locations":[{"start":{"line":11,"column":14},"end":{"line":11,"column":37}},{"start":{"line":11,"column":41},"end":{"line":11,"column":44}}]},"1":{"loc":{"start":{"line":21,"column":2},"end":{"line":23,"column":3}},"type":"if","locations":[{"start":{"line":21,"column":2},"end":{"line":23,"column":3}}]},"2":{"loc":{"start":{"line":44,"column":2},"end":{"line":46,"column":3}},"type":"if","locations":[{"start":{"line":44,"column":2},"end":{"line":46,"column":3}}]}},"s":{"0":0,"1":0,"2":0,"3":0,"4":0,"5":0,"6":0,"7":0,"8":0,"9":0,"10":0,"11":0,"12":0,"13":0,"14":0,"15":0,"16":0,"17":0,"18":0,"19":0,"20":0},"f":{"0":0,"1":0,"2":0,"3":0,"4":0,"5":0,"6":0},"b":{"0":[0,0],"1":[0],"2":[0]}}
,"C:\\wamp64\\www\\UmbraEternum\\src\\config\\jwt.ts": {"path":"C:\\wamp64\\www\\UmbraEternum\\src\\config\\jwt.ts","statementMap":{"0":{"start":{"line":2,"column":0},"end":{"line":2,"column":28}},"1":{"start":{"line":3,"column":0},"end":{"line":3,"column":30}},"2":{"start":{"line":5,"column":0},"end":{"line":5,"column":16}},"3":{"start":{"line":14,"column":15},"end":{"line":14,"column":37}},"4":{"start":{"line":15,"column":0},"end":{"line":19,"column":1}},"5":{"start":{"line":16,"column":2},"end":{"line":18,"column":4}},"6":{"start":{"line":21,"column":29},"end":{"line":25,"column":2}},"7":{"start":{"line":28,"column":0},"end":{"line":28,"column":43}},"8":{"start":{"line":29,"column":0},"end":{"line":29,"column":89}},"9":{"start":{"line":30,"column":0},"end":{"line":30,"column":52}},"10":{"start":{"line":31,"column":0},"end":{"line":31,"column":67}},"11":{"start":{"line":33,"column":0},"end":{"line":33,"column":25}}},"fnMap":{},"branchMap":{"0":{"loc":{"start":{"line":15,"column":0},"end":{"line":19,"column":1}},"type":"if","locations":[{"start":{"line":15,"column":0},"end":{"line":19,"column":1}}]},"1":{"loc":{"start":{"line":22,"column":10},"end":{"line":22,"column":58}},"type":"binary-expr","locations":[{"start":{"line":22,"column":10},"end":{"line":22,"column":16}},{"start":{"line":22,"column":20},"end":{"line":22,"column":58}}]},"2":{"loc":{"start":{"line":23,"column":13},"end":{"line":23,"column":48}},"type":"binary-expr","locations":[{"start":{"line":23,"column":13},"end":{"line":23,"column":39}},{"start":{"line":23,"column":43},"end":{"line":23,"column":48}}]},"3":{"loc":{"start":{"line":24,"column":20},"end":{"line":24,"column":62}},"type":"binary-expr","locations":[{"start":{"line":24,"column":20},"end":{"line":24,"column":54}},{"start":{"line":24,"column":58},"end":{"line":24,"column":62}}]},"4":{"loc":{"start":{"line":29,"column":25},"end":{"line":29,"column":85}},"type":"cond-expr","locations":[{"start":{"line":29,"column":34},"end":{"line":29,"column":71}},{"start":{"line":29,"column":74},"end":{"line":29,"column":85}}]}},"s":{"0":0,"1":0,"2":0,"3":0,"4":0,"5":0,"6":0,"7":0,"8":0,"9":0,"10":0,"11":0},"f":{},"b":{"0":[0],"1":[0,0],"2":[0,0],"3":[0,0],"4":[0,0]}}
,"C:\\wamp64\\www\\UmbraEternum\\src\\config\\logger.ts": {"path":"C:\\wamp64\\www\\UmbraEternum\\src\\config\\logger.ts","statementMap":{"0":{"start":{"line":1,"column":0},"end":{"line":1,"column":30}},"1":{"start":{"line":2,"column":0},"end":{"line":2,"column":24}},"2":{"start":{"line":5,"column":49},"end":{"line":5,"column":63}},"3":{"start":{"line":8,"column":15},"end":{"line":8,"column":47}},"4":{"start":{"line":11,"column":18},"end":{"line":13,"column":2}},"5":{"start":{"line":12,"column":2},"end":{"line":12,"column":47}},"6":{"start":{"line":16,"column":15},"end":{"line":39,"column":2}},"7":{"start":{"line":42,"column":0},"end":{"line":62,"column":2}},"8":{"start":{"line":44,"column":4},"end":{"line":44,"column":25}},"9":{"start":{"line":47,"column":4},"end":{"line":51,"column":5}},"10":{"start":{"line":48,"column":6},"end":{"line":48,"column":60}},"11":{"start":{"line":50,"column":6},"end":{"line":50,"column":28}},"12":{"start":{"line":54,"column":4},"end":{"line":54,"column":25}},"13":{"start":{"line":57,"column":4},"end":{"line":57,"column":26}},"14":{"start":{"line":60,"column":4},"end":{"line":60,"column":25}}},"fnMap":{"0":{"name":"(anonymous_1)","decl":{"start":{"line":11,"column":25},"end":{"line":11,"column":26}},"loc":{"start":{"line":11,"column":59},"end":{"line":13,"column":1}}},"1":{"name":"(anonymous_2)","decl":{"start":{"line":43,"column":8},"end":{"line":43,"column":9}},"loc":{"start":{"line":43,"column":34},"end":{"line":45,"column":3}}},"2":{"name":"(anonymous_3)","decl":{"start":{"line":46,"column":9},"end":{"line":46,"column":10}},"loc":{"start":{"line":46,"column":48},"end":{"line":52,"column":3}}},"3":{"name":"(anonymous_4)","decl":{"start":{"line":53,"column":8},"end":{"line":53,"column":9}},"loc":{"start":{"line":53,"column":34},"end":{"line":55,"column":3}}},"4":{"name":"(anonymous_5)","decl":{"start":{"line":56,"column":9},"end":{"line":56,"column":10}},"loc":{"start":{"line":56,"column":35},"end":{"line":58,"column":3}}},"5":{"name":"(anonymous_6)","decl":{"start":{"line":59,"column":8},"end":{"line":59,"column":9}},"loc":{"start":{"line":59,"column":34},"end":{"line":61,"column":3}}}},"branchMap":{"0":{"loc":{"start":{"line":17,"column":9},"end":{"line":17,"column":65}},"type":"cond-expr","locations":[{"start":{"line":17,"column":49},"end":{"line":17,"column":55}},{"start":{"line":17,"column":58},"end":{"line":17,"column":65}}]},"1":{"loc":{"start":{"line":31,"column":8},"end":{"line":37,"column":10}},"type":"cond-expr","locations":[{"start":{"line":32,"column":8},"end":{"line":36,"column":null}},{"start":{"line":37,"column":8},"end":{"line":37,"column":10}}]},"2":{"loc":{"start":{"line":47,"column":4},"end":{"line":51,"column":5}},"type":"if","locations":[{"start":{"line":47,"column":4},"end":{"line":51,"column":5}},{"start":{"line":49,"column":11},"end":{"line":51,"column":5}}]},"3":{"loc":{"start":{"line":48,"column":34},"end":{"line":48,"column":56}},"type":"binary-expr","locations":[{"start":{"line":48,"column":34},"end":{"line":48,"column":47}},{"start":{"line":48,"column":51},"end":{"line":48,"column":56}}]}},"s":{"0":0,"1":0,"2":0,"3":0,"4":0,"5":0,"6":0,"7":0,"8":0,"9":0,"10":0,"11":0,"12":0,"13":0,"14":0},"f":{"0":0,"1":0,"2":0,"3":0,"4":0,"5":0},"b":{"0":[0,0],"1":[0,0],"2":[0,0],"3":[0,0]}}
,"C:\\wamp64\\www\\UmbraEternum\\src\\middlewares\\auth.middleware.ts": {"path":"C:\\wamp64\\www\\UmbraEternum\\src\\middlewares\\auth.middleware.ts","statementMap":{"0":{"start":{"line":2,"column":0},"end":{"line":2,"column":31}},"1":{"start":{"line":3,"column":0},"end":{"line":3,"column":38}},"2":{"start":{"line":4,"column":0},"end":{"line":4,"column":39}},"3":{"start":{"line":5,"column":0},"end":{"line":5,"column":38}},"4":{"start":{"line":32,"column":31},"end":{"line":91,"column":1}},"5":{"start":{"line":37,"column":2},"end":{"line":90,"column":3}},"6":{"start":{"line":38,"column":23},"end":{"line":38,"column":48}},"7":{"start":{"line":40,"column":4},"end":{"line":43,"column":5}},"8":{"start":{"line":41,"column":6},"end":{"line":41,"column":79}},"9":{"start":{"line":42,"column":6},"end":{"line":42,"column":13}},"10":{"start":{"line":45,"column":23},"end":{"line":45,"column":44}},"11":{"start":{"line":46,"column":4},"end":{"line":49,"column":5}},"12":{"start":{"line":47,"column":6},"end":{"line":47,"column":69}},"13":{"start":{"line":48,"column":6},"end":{"line":48,"column":13}},"14":{"start":{"line":51,"column":18},"end":{"line":51,"column":31}},"15":{"start":{"line":53,"column":4},"end":{"line":86,"column":5}},"16":{"start":{"line":54,"column":22},"end":{"line":54,"column":73}},"17":{"start":{"line":57,"column":19},"end":{"line":57,"column":59}},"18":{"start":{"line":58,"column":6},"end":{"line":61,"column":7}},"19":{"start":{"line":59,"column":8},"end":{"line":59,"column":79}},"20":{"start":{"line":60,"column":8},"end":{"line":60,"column":15}},"21":{"start":{"line":64,"column":6},"end":{"line":67,"column":7}},"22":{"start":{"line":65,"column":8},"end":{"line":65,"column":80}},"23":{"start":{"line":66,"column":8},"end":{"line":66,"column":15}},"24":{"start":{"line":70,"column":6},"end":{"line":74,"column":8}},"25":{"start":{"line":76,"column":6},"end":{"line":76,"column":13}},"26":{"start":{"line":78,"column":6},"end":{"line":85,"column":7}},"27":{"start":{"line":79,"column":8},"end":{"line":79,"column":60}},"28":{"start":{"line":80,"column":13},"end":{"line":85,"column":7}},"29":{"start":{"line":81,"column":8},"end":{"line":81,"column":60}},"30":{"start":{"line":83,"column":8},"end":{"line":83,"column":57}},"31":{"start":{"line":84,"column":8},"end":{"line":84,"column":70}},"32":{"start":{"line":88,"column":4},"end":{"line":88,"column":63}},"33":{"start":{"line":89,"column":4},"end":{"line":89,"column":66}},"34":{"start":{"line":32,"column":13},"end":{"line":32,"column":31}},"35":{"start":{"line":96,"column":28},"end":{"line":108,"column":1}},"36":{"start":{"line":97,"column":2},"end":{"line":100,"column":3}},"37":{"start":{"line":98,"column":4},"end":{"line":98,"column":65}},"38":{"start":{"line":99,"column":4},"end":{"line":99,"column":11}},"39":{"start":{"line":102,"column":2},"end":{"line":105,"column":3}},"40":{"start":{"line":103,"column":4},"end":{"line":103,"column":96}},"41":{"start":{"line":104,"column":4},"end":{"line":104,"column":11}},"42":{"start":{"line":107,"column":2},"end":{"line":107,"column":9}},"43":{"start":{"line":96,"column":13},"end":{"line":96,"column":28}},"44":{"start":{"line":113,"column":32},"end":{"line":125,"column":1}},"45":{"start":{"line":114,"column":2},"end":{"line":117,"column":3}},"46":{"start":{"line":115,"column":4},"end":{"line":115,"column":65}},"47":{"start":{"line":116,"column":4},"end":{"line":116,"column":11}},"48":{"start":{"line":119,"column":2},"end":{"line":122,"column":3}},"49":{"start":{"line":120,"column":4},"end":{"line":120,"column":92}},"50":{"start":{"line":121,"column":4},"end":{"line":121,"column":11}},"51":{"start":{"line":124,"column":2},"end":{"line":124,"column":9}},"52":{"start":{"line":113,"column":13},"end":{"line":113,"column":32}}},"fnMap":{"0":{"name":"(anonymous_1)","decl":{"start":{"line":32,"column":31},"end":{"line":32,"column":36}},"loc":{"start":{"line":36,"column":19},"end":{"line":91,"column":1}}},"1":{"name":"(anonymous_2)","decl":{"start":{"line":96,"column":28},"end":{"line":96,"column":29}},"loc":{"start":{"line":96,"column":86},"end":{"line":108,"column":1}}},"2":{"name":"(anonymous_3)","decl":{"start":{"line":113,"column":32},"end":{"line":113,"column":33}},"loc":{"start":{"line":113,"column":90},"end":{"line":125,"column":1}}}},"branchMap":{"0":{"loc":{"start":{"line":40,"column":4},"end":{"line":43,"column":5}},"type":"if","locations":[{"start":{"line":40,"column":4},"end":{"line":43,"column":5}}]},"1":{"loc":{"start":{"line":46,"column":4},"end":{"line":49,"column":5}},"type":"if","locations":[{"start":{"line":46,"column":4},"end":{"line":49,"column":5}}]},"2":{"loc":{"start":{"line":46,"column":8},"end":{"line":46,"column":61}},"type":"binary-expr","locations":[{"start":{"line":46,"column":8},"end":{"line":46,"column":31}},{"start":{"line":46,"column":35},"end":{"line":46,"column":61}}]},"3":{"loc":{"start":{"line":58,"column":6},"end":{"line":61,"column":7}},"type":"if","locations":[{"start":{"line":58,"column":6},"end":{"line":61,"column":7}}]},"4":{"loc":{"start":{"line":64,"column":6},"end":{"line":67,"column":7}},"type":"if","locations":[{"start":{"line":64,"column":6},"end":{"line":67,"column":7}}]},"5":{"loc":{"start":{"line":78,"column":6},"end":{"line":85,"column":7}},"type":"if","locations":[{"start":{"line":78,"column":6},"end":{"line":85,"column":7}},{"start":{"line":80,"column":13},"end":{"line":85,"column":7}}]},"6":{"loc":{"start":{"line":80,"column":13},"end":{"line":85,"column":7}},"type":"if","locations":[{"start":{"line":80,"column":13},"end":{"line":85,"column":7}},{"start":{"line":82,"column":13},"end":{"line":85,"column":7}}]},"7":{"loc":{"start":{"line":97,"column":2},"end":{"line":100,"column":3}},"type":"if","locations":[{"start":{"line":97,"column":2},"end":{"line":100,"column":3}}]},"8":{"loc":{"start":{"line":102,"column":2},"end":{"line":105,"column":3}},"type":"if","locations":[{"start":{"line":102,"column":2},"end":{"line":105,"column":3}}]},"9":{"loc":{"start":{"line":114,"column":2},"end":{"line":117,"column":3}},"type":"if","locations":[{"start":{"line":114,"column":2},"end":{"line":117,"column":3}}]},"10":{"loc":{"start":{"line":119,"column":2},"end":{"line":122,"column":3}},"type":"if","locations":[{"start":{"line":119,"column":2},"end":{"line":122,"column":3}}]},"11":{"loc":{"start":{"line":119,"column":6},"end":{"line":119,"column":64}},"type":"binary-expr","locations":[{"start":{"line":119,"column":6},"end":{"line":119,"column":31}},{"start":{"line":119,"column":35},"end":{"line":119,"column":64}}]}},"s":{"0":0,"1":0,"2":0,"3":0,"4":0,"5":0,"6":0,"7":0,"8":0,"9":0,"10":0,"11":0,"12":0,"13":0,"14":0,"15":0,"16":0,"17":0,"18":0,"19":0,"20":0,"21":0,"22":0,"23":0,"24":0,"25":0,"26":0,"27":0,"28":0,"29":0,"30":0,"31":0,"32":0,"33":0,"34":0,"35":0,"36":0,"37":0,"38":0,"39":0,"40":0,"41":0,"42":0,"43":0,"44":0,"45":0,"46":0,"47":0,"48":0,"49":0,"50":0,"51":0,"52":0},"f":{"0":0,"1":0,"2":0},"b":{"0":[0],"1":[0],"2":[0,0],"3":[0],"4":[0],"5":[0,0],"6":[0,0],"7":[0],"8":[0],"9":[0],"10":[0],"11":[0,0]}}
,"C:\\wamp64\\www\\UmbraEternum\\src\\middlewares\\error.middleware.ts": {"path":"C:\\wamp64\\www\\UmbraEternum\\src\\middlewares\\error.middleware.ts","statementMap":{"0":{"start":{"line":2,"column":0},"end":{"line":2,"column":38}},"1":{"start":{"line":13,"column":28},"end":{"line":43,"column":1}},"2":{"start":{"line":20,"column":21},"end":{"line":20,"column":42}},"3":{"start":{"line":23,"column":16},"end":{"line":23,"column":42}},"4":{"start":{"line":27,"column":2},"end":{"line":29,"column":3}},"5":{"start":{"line":28,"column":4},"end":{"line":28,"column":26}},"6":{"start":{"line":32,"column":2},"end":{"line":32,"column":54}},"7":{"start":{"line":35,"column":2},"end":{"line":42,"column":5}},"8":{"start":{"line":13,"column":13},"end":{"line":13,"column":28}},"9":{"start":{"line":48,"column":31},"end":{"line":56,"column":1}},"10":{"start":{"line":49,"column":2},"end":{"line":49,"column":72}},"11":{"start":{"line":50,"column":2},"end":{"line":55,"column":5}},"12":{"start":{"line":48,"column":13},"end":{"line":48,"column":31}},"13":{"start":{"line":61,"column":27},"end":{"line":68,"column":1}},"14":{"start":{"line":62,"column":16},"end":{"line":62,"column":46}},"15":{"start":{"line":63,"column":2},"end":{"line":63,"column":32}},"16":{"start":{"line":64,"column":2},"end":{"line":66,"column":3}},"17":{"start":{"line":65,"column":4},"end":{"line":65,"column":22}},"18":{"start":{"line":67,"column":2},"end":{"line":67,"column":15}},"19":{"start":{"line":61,"column":13},"end":{"line":61,"column":27}}},"fnMap":{"0":{"name":"(anonymous_1)","decl":{"start":{"line":13,"column":28},"end":{"line":13,"column":null}},"loc":{"start":{"line":18,"column":10},"end":{"line":43,"column":1}}},"1":{"name":"(anonymous_2)","decl":{"start":{"line":48,"column":31},"end":{"line":48,"column":32}},"loc":{"start":{"line":48,"column":69},"end":{"line":56,"column":1}}},"2":{"name":"(anonymous_3)","decl":{"start":{"line":61,"column":27},"end":{"line":61,"column":28}},"loc":{"start":{"line":61,"column":92},"end":{"line":68,"column":1}}}},"branchMap":{"0":{"loc":{"start":{"line":20,"column":21},"end":{"line":20,"column":42}},"type":"binary-expr","locations":[{"start":{"line":20,"column":21},"end":{"line":20,"column":35}},{"start":{"line":20,"column":39},"end":{"line":20,"column":42}}]},"1":{"loc":{"start":{"line":27,"column":2},"end":{"line":29,"column":3}},"type":"if","locations":[{"start":{"line":27,"column":2},"end":{"line":29,"column":3}}]},"2":{"loc":{"start":{"line":27,"column":6},"end":{"line":27,"column":64}},"type":"binary-expr","locations":[{"start":{"line":27,"column":6},"end":{"line":27,"column":44}},{"start":{"line":27,"column":48},"end":{"line":27,"column":64}}]},"3":{"loc":{"start":{"line":38,"column":12},"end":{"line":38,"column":40}},"type":"binary-expr","locations":[{"start":{"line":38,"column":12},"end":{"line":38,"column":20}},{"start":{"line":38,"column":24},"end":{"line":38,"column":40}}]},"4":{"loc":{"start":{"line":40,"column":10},"end":{"line":40,"column":72}},"type":"binary-expr","locations":[{"start":{"line":40,"column":10},"end":{"line":40,"column":48}},{"start":{"line":40,"column":52},"end":{"line":40,"column":72}}]},"5":{"loc":{"start":{"line":64,"column":2},"end":{"line":66,"column":3}},"type":"if","locations":[{"start":{"line":64,"column":2},"end":{"line":66,"column":3}}]}},"s":{"0":0,"1":0,"2":0,"3":0,"4":0,"5":0,"6":0,"7":0,"8":0,"9":0,"10":0,"11":0,"12":0,"13":0,"14":0,"15":0,"16":0,"17":0,"18":0,"19":0},"f":{"0":0,"1":0,"2":0},"b":{"0":[0,0],"1":[0],"2":[0,0],"3":[0,0],"4":[0,0],"5":[0]}}
,"C:\\wamp64\\www\\UmbraEternum\\src\\middlewares\\security.middleware.ts": {"path":"C:\\wamp64\\www\\UmbraEternum\\src\\middlewares\\security.middleware.ts","statementMap":{"0":{"start":{"line":2,"column":0},"end":{"line":2,"column":43}},"1":{"start":{"line":3,"column":0},"end":{"line":3,"column":28}},"2":{"start":{"line":4,"column":0},"end":{"line":4,"column":24}},"3":{"start":{"line":5,"column":0},"end":{"line":5,"column":38}},"4":{"start":{"line":8,"column":13},"end":{"line":22,"column":3}},"5":{"start":{"line":14,"column":4},"end":{"line":14,"column":79}},"6":{"start":{"line":15,"column":4},"end":{"line":20,"column":7}},"7":{"start":{"line":25,"column":13},"end":{"line":39,"column":3}},"8":{"start":{"line":31,"column":4},"end":{"line":31,"column":78}},"9":{"start":{"line":32,"column":4},"end":{"line":37,"column":7}},"10":{"start":{"line":42,"column":26},"end":{"line":50,"column":1}},"11":{"start":{"line":43,"column":2},"end":{"line":49,"column":5}},"12":{"start":{"line":42,"column":13},"end":{"line":42,"column":26}},"13":{"start":{"line":53,"column":31},"end":{"line":60,"column":1}},"14":{"start":{"line":54,"column":2},"end":{"line":59,"column":5}},"15":{"start":{"line":53,"column":13},"end":{"line":53,"column":31}},"16":{"start":{"line":63,"column":31},"end":{"line":76,"column":1}},"17":{"start":{"line":65,"column":2},"end":{"line":65,"column":90}},"18":{"start":{"line":68,"column":2},"end":{"line":68,"column":43}},"19":{"start":{"line":71,"column":2},"end":{"line":73,"column":3}},"20":{"start":{"line":72,"column":4},"end":{"line":72,"column":86}},"21":{"start":{"line":75,"column":2},"end":{"line":75,"column":9}},"22":{"start":{"line":63,"column":13},"end":{"line":63,"column":31}}},"fnMap":{"0":{"name":"(anonymous_1)","decl":{"start":{"line":13,"column":11},"end":{"line":13,"column":12}},"loc":{"start":{"line":13,"column":43},"end":{"line":21,"column":3}}},"1":{"name":"(anonymous_2)","decl":{"start":{"line":30,"column":11},"end":{"line":30,"column":12}},"loc":{"start":{"line":30,"column":43},"end":{"line":38,"column":3}}},"2":{"name":"(anonymous_3)","decl":{"start":{"line":42,"column":26},"end":{"line":42,"column":27}},"loc":{"start":{"line":42,"column":64},"end":{"line":50,"column":1}}},"3":{"name":"(anonymous_4)","decl":{"start":{"line":53,"column":31},"end":{"line":53,"column":34}},"loc":{"start":{"line":53,"column":36},"end":{"line":60,"column":1}}},"4":{"name":"(anonymous_5)","decl":{"start":{"line":63,"column":31},"end":{"line":63,"column":32}},"loc":{"start":{"line":63,"column":89},"end":{"line":76,"column":1}}}},"branchMap":{"0":{"loc":{"start":{"line":71,"column":2},"end":{"line":73,"column":3}},"type":"if","locations":[{"start":{"line":71,"column":2},"end":{"line":73,"column":3}}]}},"s":{"0":0,"1":0,"2":0,"3":0,"4":0,"5":0,"6":0,"7":0,"8":0,"9":0,"10":0,"11":0,"12":0,"13":0,"14":0,"15":0,"16":0,"17":0,"18":0,"19":0,"20":0,"21":0,"22":0},"f":{"0":0,"1":0,"2":0,"3":0,"4":0},"b":{"0":[0]}}
,"C:\\wamp64\\www\\UmbraEternum\\src\\middlewares\\validation.middleware.ts": {"path":"C:\\wamp64\\www\\UmbraEternum\\src\\middlewares\\validation.middleware.ts","statementMap":{"0":{"start":{"line":2,"column":0},"end":{"line":2,"column":70}},"1":{"start":{"line":3,"column":0},"end":{"line":3,"column":38}},"2":{"start":{"line":9,"column":24},"end":{"line":32,"column":1}},"3":{"start":{"line":10,"column":2},"end":{"line":31,"column":4}},"4":{"start":{"line":12,"column":4},"end":{"line":12,"column":76}},"5":{"start":{"line":12,"column":54},"end":{"line":12,"column":73}},"6":{"start":{"line":15,"column":19},"end":{"line":15,"column":40}},"7":{"start":{"line":16,"column":4},"end":{"line":19,"column":5}},"8":{"start":{"line":17,"column":6},"end":{"line":17,"column":13}},"9":{"start":{"line":18,"column":6},"end":{"line":18,"column":13}},"10":{"start":{"line":22,"column":28},"end":{"line":27,"column":6}},"11":{"start":{"line":23,"column":6},"end":{"line":26,"column":8}},"12":{"start":{"line":29,"column":4},"end":{"line":29,"column":74}},"13":{"start":{"line":30,"column":4},"end":{"line":30,"column":54}},"14":{"start":{"line":9,"column":13},"end":{"line":9,"column":24}},"15":{"start":{"line":37,"column":28},"end":{"line":47,"column":1}},"16":{"start":{"line":38,"column":2},"end":{"line":45,"column":3}},"17":{"start":{"line":40,"column":4},"end":{"line":44,"column":7}},"18":{"start":{"line":41,"column":6},"end":{"line":43,"column":7}},"19":{"start":{"line":42,"column":8},"end":{"line":42,"column":45}},"20":{"start":{"line":46,"column":2},"end":{"line":46,"column":9}},"21":{"start":{"line":37,"column":13},"end":{"line":37,"column":28}}},"fnMap":{"0":{"name":"(anonymous_1)","decl":{"start":{"line":9,"column":24},"end":{"line":9,"column":25}},"loc":{"start":{"line":9,"column":59},"end":{"line":32,"column":1}}},"1":{"name":"(anonymous_2)","decl":{"start":{"line":10,"column":9},"end":{"line":10,"column":14}},"loc":{"start":{"line":10,"column":82},"end":{"line":31,"column":3}}},"2":{"name":"(anonymous_3)","decl":{"start":{"line":12,"column":38},"end":{"line":12,"column":39}},"loc":{"start":{"line":12,"column":54},"end":{"line":12,"column":73}}},"3":{"name":"(anonymous_4)","decl":{"start":{"line":22,"column":47},"end":{"line":22,"column":48}},"loc":{"start":{"line":22,"column":62},"end":{"line":27,"column":5}}},"4":{"name":"(anonymous_5)","decl":{"start":{"line":37,"column":28},"end":{"line":37,"column":29}},"loc":{"start":{"line":37,"column":86},"end":{"line":47,"column":1}}},"5":{"name":"(anonymous_6)","decl":{"start":{"line":40,"column":34},"end":{"line":40,"column":35}},"loc":{"start":{"line":40,"column":42},"end":{"line":44,"column":5}}}},"branchMap":{"0":{"loc":{"start":{"line":16,"column":4},"end":{"line":19,"column":5}},"type":"if","locations":[{"start":{"line":16,"column":4},"end":{"line":19,"column":5}}]},"1":{"loc":{"start":{"line":24,"column":15},"end":{"line":24,"column":58}},"type":"binary-expr","locations":[{"start":{"line":24,"column":15},"end":{"line":24,"column":25}},{"start":{"line":24,"column":29},"end":{"line":24,"column":40}},{"start":{"line":24,"column":44},"end":{"line":24,"column":58}}]},"2":{"loc":{"start":{"line":38,"column":2},"end":{"line":45,"column":3}},"type":"if","locations":[{"start":{"line":38,"column":2},"end":{"line":45,"column":3}}]},"3":{"loc":{"start":{"line":41,"column":6},"end":{"line":43,"column":7}},"type":"if","locations":[{"start":{"line":41,"column":6},"end":{"line":43,"column":7}}]}},"s":{"0":0,"1":0,"2":0,"3":0,"4":0,"5":0,"6":0,"7":0,"8":0,"9":0,"10":0,"11":0,"12":0,"13":0,"14":0,"15":0,"16":0,"17":0,"18":0,"19":0,"20":0,"21":0},"f":{"0":0,"1":0,"2":0,"3":0,"4":0,"5":0},"b":{"0":[0],"1":[0,0,0],"2":[0],"3":[0]}}
,"C:\\wamp64\\www\\UmbraEternum\\src\\models\\Character.ts": {"path":"C:\\wamp64\\www\\UmbraEternum\\src\\models\\Character.ts","statementMap":{"0":{"start":{"line":1,"column":0},"end":{"line":1,"column":42}},"1":{"start":{"line":2,"column":0},"end":{"line":2,"column":38}},"2":{"start":{"line":31,"column":4},"end":{"line":87,"column":5}},"3":{"start":{"line":33,"column":28},"end":{"line":46,"column":8}},"4":{"start":{"line":49,"column":19},"end":{"line":49,"column":57}},"5":{"start":{"line":51,"column":23},"end":{"line":72,"column":null}},"6":{"start":{"line":76,"column":26},"end":{"line":76,"column":41}},"7":{"start":{"line":79,"column":32},"end":{"line":81,"column":8}},"8":{"start":{"line":83,"column":6},"end":{"line":83,"column":40}},"9":{"start":{"line":85,"column":6},"end":{"line":85,"column":55}},"10":{"start":{"line":86,"column":6},"end":{"line":86,"column":18}},"11":{"start":{"line":94,"column":4},"end":{"line":101,"column":5}},"12":{"start":{"line":95,"column":32},"end":{"line":95,"column":95}},"13":{"start":{"line":97,"column":6},"end":{"line":97,"column":73}},"14":{"start":{"line":99,"column":6},"end":{"line":99,"column":63}},"15":{"start":{"line":100,"column":6},"end":{"line":100,"column":18}},"16":{"start":{"line":108,"column":4},"end":{"line":117,"column":5}},"17":{"start":{"line":109,"column":32},"end":{"line":111,"column":8}},"18":{"start":{"line":113,"column":6},"end":{"line":113,"column":39}},"19":{"start":{"line":115,"column":6},"end":{"line":115,"column":68}},"20":{"start":{"line":116,"column":6},"end":{"line":116,"column":18}},"21":{"start":{"line":124,"column":4},"end":{"line":147,"column":5}},"22":{"start":{"line":126,"column":31},"end":{"line":126,"column":33}},"23":{"start":{"line":127,"column":28},"end":{"line":127,"column":30}},"24":{"start":{"line":129,"column":6},"end":{"line":134,"column":9}},"25":{"start":{"line":130,"column":8},"end":{"line":133,"column":9}},"26":{"start":{"line":131,"column":10},"end":{"line":131,"column":36}},"27":{"start":{"line":132,"column":10},"end":{"line":132,"column":29}},"28":{"start":{"line":137,"column":6},"end":{"line":137,"column":22}},"29":{"start":{"line":140,"column":6},"end":{"line":140,"column":90}},"30":{"start":{"line":143,"column":6},"end":{"line":143,"column":37}},"31":{"start":{"line":145,"column":6},"end":{"line":145,"column":59}},"32":{"start":{"line":146,"column":6},"end":{"line":146,"column":18}},"33":{"start":{"line":154,"column":4},"end":{"line":159,"column":5}},"34":{"start":{"line":155,"column":6},"end":{"line":155,"column":99}},"35":{"start":{"line":157,"column":6},"end":{"line":157,"column":76}},"36":{"start":{"line":158,"column":6},"end":{"line":158,"column":18}},"37":{"start":{"line":166,"column":4},"end":{"line":174,"column":5}},"38":{"start":{"line":167,"column":28},"end":{"line":167,"column":89}},"39":{"start":{"line":170,"column":6},"end":{"line":170,"column":37}},"40":{"start":{"line":172,"column":6},"end":{"line":172,"column":57}},"41":{"start":{"line":173,"column":6},"end":{"line":173,"column":18}},"42":{"start":{"line":178,"column":0},"end":{"line":178,"column":36}}},"fnMap":{"0":{"name":"(anonymous_1)","decl":{"start":{"line":30,"column":2},"end":{"line":30,"column":7}},"loc":{"start":{"line":30,"column":39},"end":{"line":88,"column":3}}},"1":{"name":"(anonymous_2)","decl":{"start":{"line":93,"column":2},"end":{"line":93,"column":7}},"loc":{"start":{"line":93,"column":27},"end":{"line":102,"column":3}}},"2":{"name":"(anonymous_3)","decl":{"start":{"line":107,"column":2},"end":{"line":107,"column":7}},"loc":{"start":{"line":107,"column":35},"end":{"line":118,"column":3}}},"3":{"name":"(anonymous_4)","decl":{"start":{"line":123,"column":2},"end":{"line":123,"column":7}},"loc":{"start":{"line":123,"column":60},"end":{"line":148,"column":3}}},"4":{"name":"(anonymous_5)","decl":{"start":{"line":129,"column":44},"end":{"line":129,"column":45}},"loc":{"start":{"line":129,"column":61},"end":{"line":134,"column":7}}},"5":{"name":"(anonymous_6)","decl":{"start":{"line":153,"column":2},"end":{"line":153,"column":7}},"loc":{"start":{"line":153,"column":35},"end":{"line":160,"column":3}}},"6":{"name":"(anonymous_7)","decl":{"start":{"line":165,"column":2},"end":{"line":165,"column":7}},"loc":{"start":{"line":165,"column":25},"end":{"line":175,"column":3}}}},"branchMap":{"0":{"loc":{"start":{"line":97,"column":13},"end":{"line":97,"column":72}},"type":"cond-expr","locations":[{"start":{"line":97,"column":38},"end":{"line":97,"column":65}},{"start":{"line":97,"column":68},"end":{"line":97,"column":72}}]},"1":{"loc":{"start":{"line":130,"column":8},"end":{"line":133,"column":9}},"type":"if","locations":[{"start":{"line":130,"column":8},"end":{"line":133,"column":9}}]},"2":{"loc":{"start":{"line":130,"column":12},"end":{"line":130,"column":68}},"type":"binary-expr","locations":[{"start":{"line":130,"column":12},"end":{"line":130,"column":24}},{"start":{"line":130,"column":28},"end":{"line":130,"column":45}},{"start":{"line":130,"column":49},"end":{"line":130,"column":68}}]}},"s":{"0":0,"1":0,"2":0,"3":0,"4":0,"5":0,"6":0,"7":0,"8":0,"9":0,"10":0,"11":0,"12":0,"13":0,"14":0,"15":0,"16":0,"17":0,"18":0,"19":0,"20":0,"21":0,"22":0,"23":0,"24":0,"25":0,"26":0,"27":0,"28":0,"29":0,"30":0,"31":0,"32":0,"33":0,"34":0,"35":0,"36":0,"37":0,"38":0,"39":0,"40":0,"41":0,"42":0},"f":{"0":0,"1":0,"2":0,"3":0,"4":0,"5":0,"6":0},"b":{"0":[0,0],"1":[0],"2":[0,0,0]}}
,"C:\\wamp64\\www\\UmbraEternum\\src\\models\\RefreshToken.ts": {"path":"C:\\wamp64\\www\\UmbraEternum\\src\\models\\RefreshToken.ts","statementMap":{"0":{"start":{"line":1,"column":0},"end":{"line":1,"column":42}},"1":{"start":{"line":2,"column":0},"end":{"line":2,"column":38}},"2":{"start":{"line":3,"column":0},"end":{"line":3,"column":28}},"3":{"start":{"line":18,"column":4},"end":{"line":52,"column":5}},"4":{"start":{"line":20,"column":20},"end":{"line":20,"column":58}},"5":{"start":{"line":23,"column":24},"end":{"line":23,"column":34}},"6":{"start":{"line":24,"column":23},"end":{"line":24,"column":42}},"7":{"start":{"line":25,"column":24},"end":{"line":25,"column":60}},"8":{"start":{"line":27,"column":6},"end":{"line":33,"column":7}},"9":{"start":{"line":28,"column":8},"end":{"line":28,"column":59}},"10":{"start":{"line":29,"column":13},"end":{"line":33,"column":7}},"11":{"start":{"line":30,"column":8},"end":{"line":30,"column":61}},"12":{"start":{"line":31,"column":13},"end":{"line":33,"column":7}},"13":{"start":{"line":32,"column":8},"end":{"line":32,"column":65}},"14":{"start":{"line":35,"column":23},"end":{"line":37,"column":null}},"15":{"start":{"line":41,"column":22},"end":{"line":41,"column":37}},"16":{"start":{"line":44,"column":28},"end":{"line":46,"column":8}},"17":{"start":{"line":48,"column":6},"end":{"line":48,"column":39}},"18":{"start":{"line":50,"column":6},"end":{"line":50,"column":58}},"19":{"start":{"line":51,"column":6},"end":{"line":51,"column":18}},"20":{"start":{"line":59,"column":4},"end":{"line":68,"column":5}},"21":{"start":{"line":60,"column":28},"end":{"line":62,"column":8}},"22":{"start":{"line":64,"column":6},"end":{"line":64,"column":68}},"23":{"start":{"line":66,"column":6},"end":{"line":66,"column":59}},"24":{"start":{"line":67,"column":6},"end":{"line":67,"column":18}},"25":{"start":{"line":75,"column":4},"end":{"line":88,"column":5}},"26":{"start":{"line":76,"column":27},"end":{"line":76,"column":56}},"27":{"start":{"line":78,"column":6},"end":{"line":80,"column":7}},"28":{"start":{"line":79,"column":8},"end":{"line":79,"column":21}},"29":{"start":{"line":83,"column":18},"end":{"line":83,"column":28}},"30":{"start":{"line":84,"column":6},"end":{"line":84,"column":53}},"31":{"start":{"line":86,"column":6},"end":{"line":86,"column":62}},"32":{"start":{"line":87,"column":6},"end":{"line":87,"column":18}},"33":{"start":{"line":95,"column":4},"end":{"line":103,"column":5}},"34":{"start":{"line":96,"column":28},"end":{"line":96,"column":99}},"35":{"start":{"line":99,"column":6},"end":{"line":99,"column":37}},"36":{"start":{"line":101,"column":6},"end":{"line":101,"column":60}},"37":{"start":{"line":102,"column":6},"end":{"line":102,"column":18}},"38":{"start":{"line":110,"column":4},"end":{"line":120,"column":5}},"39":{"start":{"line":111,"column":28},"end":{"line":113,"column":8}},"40":{"start":{"line":116,"column":6},"end":{"line":116,"column":37}},"41":{"start":{"line":118,"column":6},"end":{"line":118,"column":64}},"42":{"start":{"line":119,"column":6},"end":{"line":119,"column":18}},"43":{"start":{"line":127,"column":4},"end":{"line":137,"column":5}},"44":{"start":{"line":128,"column":28},"end":{"line":129,"column":null}},"45":{"start":{"line":133,"column":6},"end":{"line":133,"column":33}},"46":{"start":{"line":135,"column":6},"end":{"line":135,"column":62}},"47":{"start":{"line":136,"column":6},"end":{"line":136,"column":18}},"48":{"start":{"line":141,"column":0},"end":{"line":141,"column":39}}},"fnMap":{"0":{"name":"(anonymous_1)","decl":{"start":{"line":17,"column":2},"end":{"line":17,"column":7}},"loc":{"start":{"line":17,"column":55},"end":{"line":53,"column":3}}},"1":{"name":"(anonymous_2)","decl":{"start":{"line":58,"column":2},"end":{"line":58,"column":7}},"loc":{"start":{"line":58,"column":33},"end":{"line":69,"column":3}}},"2":{"name":"(anonymous_3)","decl":{"start":{"line":74,"column":2},"end":{"line":74,"column":7}},"loc":{"start":{"line":74,"column":33},"end":{"line":89,"column":3}}},"3":{"name":"(anonymous_4)","decl":{"start":{"line":94,"column":2},"end":{"line":94,"column":7}},"loc":{"start":{"line":94,"column":28},"end":{"line":104,"column":3}}},"4":{"name":"(anonymous_5)","decl":{"start":{"line":109,"column":2},"end":{"line":109,"column":7}},"loc":{"start":{"line":109,"column":39},"end":{"line":121,"column":3}}},"5":{"name":"(anonymous_6)","decl":{"start":{"line":126,"column":2},"end":{"line":126,"column":7}},"loc":{"start":{"line":126,"column":26},"end":{"line":138,"column":3}}}},"branchMap":{"0":{"loc":{"start":{"line":17,"column":31},"end":{"line":17,"column":55}},"type":"default-arg","locations":[{"start":{"line":17,"column":51},"end":{"line":17,"column":55}}]},"1":{"loc":{"start":{"line":27,"column":6},"end":{"line":33,"column":7}},"type":"if","locations":[{"start":{"line":27,"column":6},"end":{"line":33,"column":7}},{"start":{"line":29,"column":13},"end":{"line":33,"column":7}}]},"2":{"loc":{"start":{"line":29,"column":13},"end":{"line":33,"column":7}},"type":"if","locations":[{"start":{"line":29,"column":13},"end":{"line":33,"column":7}},{"start":{"line":31,"column":13},"end":{"line":33,"column":7}}]},"3":{"loc":{"start":{"line":31,"column":13},"end":{"line":33,"column":7}},"type":"if","locations":[{"start":{"line":31,"column":13},"end":{"line":33,"column":7}}]},"4":{"loc":{"start":{"line":64,"column":13},"end":{"line":64,"column":67}},"type":"cond-expr","locations":[{"start":{"line":64,"column":34},"end":{"line":64,"column":60}},{"start":{"line":64,"column":63},"end":{"line":64,"column":67}}]},"5":{"loc":{"start":{"line":78,"column":6},"end":{"line":80,"column":7}},"type":"if","locations":[{"start":{"line":78,"column":6},"end":{"line":80,"column":7}}]}},"s":{"0":0,"1":0,"2":0,"3":0,"4":0,"5":0,"6":0,"7":0,"8":0,"9":0,"10":0,"11":0,"12":0,"13":0,"14":0,"15":0,"16":0,"17":0,"18":0,"19":0,"20":0,"21":0,"22":0,"23":0,"24":0,"25":0,"26":0,"27":0,"28":0,"29":0,"30":0,"31":0,"32":0,"33":0,"34":0,"35":0,"36":0,"37":0,"38":0,"39":0,"40":0,"41":0,"42":0,"43":0,"44":0,"45":0,"46":0,"47":0,"48":0},"f":{"0":0,"1":0,"2":0,"3":0,"4":0,"5":0},"b":{"0":[0],"1":[0,0],"2":[0,0],"3":[0],"4":[0,0],"5":[0]}}
,"C:\\wamp64\\www\\UmbraEternum\\src\\models\\User.ts": {"path":"C:\\wamp64\\www\\UmbraEternum\\src\\models\\User.ts","statementMap":{"0":{"start":{"line":1,"column":0},"end":{"line":1,"column":42}},"1":{"start":{"line":2,"column":0},"end":{"line":2,"column":28}},"2":{"start":{"line":3,"column":0},"end":{"line":3,"column":38}},"3":{"start":{"line":33,"column":4},"end":{"line":64,"column":5}},"4":{"start":{"line":35,"column":25},"end":{"line":35,"column":27}},"5":{"start":{"line":36,"column":29},"end":{"line":36,"column":77}},"6":{"start":{"line":38,"column":23},"end":{"line":48,"column":null}},"7":{"start":{"line":52,"column":21},"end":{"line":52,"column":36}},"8":{"start":{"line":55,"column":27},"end":{"line":57,"column":null}},"9":{"start":{"line":60,"column":6},"end":{"line":60,"column":38}},"10":{"start":{"line":62,"column":6},"end":{"line":62,"column":52}},"11":{"start":{"line":63,"column":6},"end":{"line":63,"column":18}},"12":{"start":{"line":71,"column":4},"end":{"line":78,"column":5}},"13":{"start":{"line":72,"column":27},"end":{"line":72,"column":97}},"14":{"start":{"line":74,"column":6},"end":{"line":74,"column":58}},"15":{"start":{"line":76,"column":6},"end":{"line":76,"column":73}},"16":{"start":{"line":77,"column":6},"end":{"line":77,"column":18}},"17":{"start":{"line":85,"column":4},"end":{"line":92,"column":5}},"18":{"start":{"line":86,"column":27},"end":{"line":86,"column":91}},"19":{"start":{"line":88,"column":6},"end":{"line":88,"column":58}},"20":{"start":{"line":90,"column":6},"end":{"line":90,"column":63}},"21":{"start":{"line":91,"column":6},"end":{"line":91,"column":18}},"22":{"start":{"line":99,"column":4},"end":{"line":109,"column":5}},"23":{"start":{"line":100,"column":27},"end":{"line":102,"column":null}},"24":{"start":{"line":105,"column":6},"end":{"line":105,"column":66}},"25":{"start":{"line":107,"column":6},"end":{"line":107,"column":60}},"26":{"start":{"line":108,"column":6},"end":{"line":108,"column":18}},"27":{"start":{"line":116,"column":4},"end":{"line":145,"column":5}},"28":{"start":{"line":118,"column":6},"end":{"line":121,"column":7}},"29":{"start":{"line":119,"column":27},"end":{"line":119,"column":29}},"30":{"start":{"line":120,"column":8},"end":{"line":120,"column":77}},"31":{"start":{"line":124,"column":31},"end":{"line":124,"column":33}},"32":{"start":{"line":125,"column":28},"end":{"line":125,"column":30}},"33":{"start":{"line":127,"column":6},"end":{"line":132,"column":9}},"34":{"start":{"line":128,"column":8},"end":{"line":131,"column":9}},"35":{"start":{"line":129,"column":10},"end":{"line":129,"column":36}},"36":{"start":{"line":130,"column":10},"end":{"line":130,"column":29}},"37":{"start":{"line":135,"column":6},"end":{"line":135,"column":22}},"38":{"start":{"line":138,"column":6},"end":{"line":138,"column":85}},"39":{"start":{"line":141,"column":6},"end":{"line":141,"column":37}},"40":{"start":{"line":143,"column":6},"end":{"line":143,"column":56}},"41":{"start":{"line":144,"column":6},"end":{"line":144,"column":18}},"42":{"start":{"line":152,"column":4},"end":{"line":157,"column":5}},"43":{"start":{"line":153,"column":6},"end":{"line":153,"column":93}},"44":{"start":{"line":155,"column":6},"end":{"line":155,"column":61}},"45":{"start":{"line":156,"column":6},"end":{"line":156,"column":18}},"46":{"start":{"line":164,"column":4},"end":{"line":169,"column":5}},"47":{"start":{"line":165,"column":6},"end":{"line":165,"column":59}},"48":{"start":{"line":167,"column":6},"end":{"line":167,"column":54}},"49":{"start":{"line":168,"column":6},"end":{"line":168,"column":18}},"50":{"start":{"line":173,"column":0},"end":{"line":173,"column":31}}},"fnMap":{"0":{"name":"(anonymous_1)","decl":{"start":{"line":32,"column":2},"end":{"line":32,"column":7}},"loc":{"start":{"line":32,"column":29},"end":{"line":65,"column":3}}},"1":{"name":"(anonymous_2)","decl":{"start":{"line":70,"column":2},"end":{"line":70,"column":7}},"loc":{"start":{"line":70,"column":39},"end":{"line":79,"column":3}}},"2":{"name":"(anonymous_3)","decl":{"start":{"line":84,"column":2},"end":{"line":84,"column":7}},"loc":{"start":{"line":84,"column":33},"end":{"line":93,"column":3}}},"3":{"name":"(anonymous_4)","decl":{"start":{"line":98,"column":2},"end":{"line":98,"column":7}},"loc":{"start":{"line":98,"column":27},"end":{"line":110,"column":3}}},"4":{"name":"(anonymous_5)","decl":{"start":{"line":115,"column":2},"end":{"line":115,"column":7}},"loc":{"start":{"line":115,"column":50},"end":{"line":146,"column":3}}},"5":{"name":"(anonymous_6)","decl":{"start":{"line":127,"column":39},"end":{"line":127,"column":40}},"loc":{"start":{"line":127,"column":56},"end":{"line":132,"column":7}}},"6":{"name":"(anonymous_7)","decl":{"start":{"line":151,"column":2},"end":{"line":151,"column":7}},"loc":{"start":{"line":151,"column":34},"end":{"line":158,"column":3}}},"7":{"name":"(anonymous_8)","decl":{"start":{"line":163,"column":2},"end":{"line":163,"column":7}},"loc":{"start":{"line":163,"column":51},"end":{"line":170,"column":3}}}},"branchMap":{"0":{"loc":{"start":{"line":45,"column":10},"end":{"line":45,"column":33}},"type":"binary-expr","locations":[{"start":{"line":45,"column":10},"end":{"line":45,"column":23}},{"start":{"line":45,"column":27},"end":{"line":45,"column":33}}]},"1":{"loc":{"start":{"line":46,"column":10},"end":{"line":46,"column":37}},"type":"binary-expr","locations":[{"start":{"line":46,"column":10},"end":{"line":46,"column":25}},{"start":{"line":46,"column":29},"end":{"line":46,"column":37}}]},"2":{"loc":{"start":{"line":47,"column":10},"end":{"line":47,"column":37}},"type":"binary-expr","locations":[{"start":{"line":47,"column":10},"end":{"line":47,"column":29}},{"start":{"line":47,"column":33},"end":{"line":47,"column":37}}]},"3":{"loc":{"start":{"line":74,"column":13},"end":{"line":74,"column":57}},"type":"cond-expr","locations":[{"start":{"line":74,"column":33},"end":{"line":74,"column":50}},{"start":{"line":74,"column":53},"end":{"line":74,"column":57}}]},"4":{"loc":{"start":{"line":88,"column":13},"end":{"line":88,"column":57}},"type":"cond-expr","locations":[{"start":{"line":88,"column":33},"end":{"line":88,"column":50}},{"start":{"line":88,"column":53},"end":{"line":88,"column":57}}]},"5":{"loc":{"start":{"line":105,"column":13},"end":{"line":105,"column":65}},"type":"cond-expr","locations":[{"start":{"line":105,"column":33},"end":{"line":105,"column":58}},{"start":{"line":105,"column":61},"end":{"line":105,"column":65}}]},"6":{"loc":{"start":{"line":118,"column":6},"end":{"line":121,"column":7}},"type":"if","locations":[{"start":{"line":118,"column":6},"end":{"line":121,"column":7}}]},"7":{"loc":{"start":{"line":128,"column":8},"end":{"line":131,"column":9}},"type":"if","locations":[{"start":{"line":128,"column":8},"end":{"line":131,"column":9}}]},"8":{"loc":{"start":{"line":128,"column":12},"end":{"line":128,"column":47}},"type":"binary-expr","locations":[{"start":{"line":128,"column":12},"end":{"line":128,"column":24}},{"start":{"line":128,"column":28},"end":{"line":128,"column":47}}]}},"s":{"0":0,"1":0,"2":0,"3":0,"4":0,"5":0,"6":0,"7":0,"8":0,"9":0,"10":0,"11":0,"12":0,"13":0,"14":0,"15":0,"16":0,"17":0,"18":0,"19":0,"20":0,"21":0,"22":0,"23":0,"24":0,"25":0,"26":0,"27":0,"28":0,"29":0,"30":0,"31":0,"32":0,"33":0,"34":0,"35":0,"36":0,"37":0,"38":0,"39":0,"40":0,"41":0,"42":0,"43":0,"44":0,"45":0,"46":0,"47":0,"48":0,"49":0,"50":0},"f":{"0":0,"1":0,"2":0,"3":0,"4":0,"5":0,"6":0,"7":0},"b":{"0":[0,0],"1":[0,0],"2":[0,0],"3":[0,0],"4":[0,0],"5":[0,0],"6":[0],"7":[0],"8":[0,0]}}
,"C:\\wamp64\\www\\UmbraEternum\\src\\routes\\auth.routes.ts": {"path":"C:\\wamp64\\www\\UmbraEternum\\src\\routes\\auth.routes.ts","statementMap":{"0":{"start":{"line":1,"column":0},"end":{"line":1,"column":33}},"1":{"start":{"line":2,"column":0},"end":{"line":2,"column":41}},"2":{"start":{"line":3,"column":0},"end":{"line":3,"column":31}},"3":{"start":{"line":4,"column":0},"end":{"line":4,"column":78}},"4":{"start":{"line":5,"column":0},"end":{"line":5,"column":70}},"5":{"start":{"line":6,"column":0},"end":{"line":6,"column":63}},"6":{"start":{"line":7,"column":0},"end":{"line":7,"column":55}},"7":{"start":{"line":8,"column":0},"end":{"line":8,"column":38}},"8":{"start":{"line":9,"column":0},"end":{"line":9,"column":38}},"9":{"start":{"line":10,"column":0},"end":{"line":10,"column":62}},"10":{"start":{"line":12,"column":0},"end":{"line":12,"column":null}},"11":{"start":{"line":21,"column":15},"end":{"line":21,"column":23}},"12":{"start":{"line":24,"column":23},"end":{"line":56,"column":1}},"13":{"start":{"line":26,"column":18},"end":{"line":30,"column":4}},"14":{"start":{"line":33,"column":15},"end":{"line":33,"column":31}},"15":{"start":{"line":34,"column":2},"end":{"line":38,"column":3}},"16":{"start":{"line":35,"column":4},"end":{"line":35,"column":70}},"17":{"start":{"line":37,"column":4},"end":{"line":37,"column":39}},"18":{"start":{"line":40,"column":2},"end":{"line":55,"column":3}},"19":{"start":{"line":42,"column":24},"end":{"line":42,"column":95}},"20":{"start":{"line":45,"column":25},"end":{"line":45,"column":92}},"21":{"start":{"line":47,"column":4},"end":{"line":51,"column":6}},"22":{"start":{"line":53,"column":4},"end":{"line":53,"column":53}},"23":{"start":{"line":54,"column":4},"end":{"line":54,"column":50}},"24":{"start":{"line":59,"column":28},"end":{"line":76,"column":2}},"25":{"start":{"line":79,"column":25},"end":{"line":79,"column":90}},"26":{"start":{"line":82,"column":0},"end":{"line":126,"column":3}},"27":{"start":{"line":83,"column":2},"end":{"line":125,"column":3}},"28":{"start":{"line":84,"column":42},"end":{"line":84,"column":50}},"29":{"start":{"line":87,"column":29},"end":{"line":87,"column":69}},"30":{"start":{"line":88,"column":4},"end":{"line":90,"column":5}},"31":{"start":{"line":89,"column":6},"end":{"line":89,"column":81}},"32":{"start":{"line":93,"column":26},"end":{"line":93,"column":60}},"33":{"start":{"line":94,"column":4},"end":{"line":96,"column":5}},"34":{"start":{"line":95,"column":6},"end":{"line":95,"column":68}},"35":{"start":{"line":99,"column":20},"end":{"line":105,"column":6}},"36":{"start":{"line":108,"column":19},"end":{"line":112,"column":6}},"37":{"start":{"line":115,"column":4},"end":{"line":115,"column":48}},"38":{"start":{"line":117,"column":4},"end":{"line":117,"column":56}},"39":{"start":{"line":118,"column":4},"end":{"line":122,"column":7}},"40":{"start":{"line":124,"column":4},"end":{"line":124,"column":16}},"41":{"start":{"line":129,"column":0},"end":{"line":180,"column":2}},"42":{"start":{"line":135,"column":4},"end":{"line":178,"column":5}},"43":{"start":{"line":136,"column":37},"end":{"line":136,"column":45}},"44":{"start":{"line":139,"column":19},"end":{"line":139,"column":59}},"45":{"start":{"line":140,"column":6},"end":{"line":142,"column":7}},"46":{"start":{"line":141,"column":8},"end":{"line":141,"column":79}},"47":{"start":{"line":145,"column":6},"end":{"line":147,"column":7}},"48":{"start":{"line":146,"column":8},"end":{"line":146,"column":78}},"49":{"start":{"line":150,"column":30},"end":{"line":150,"column":76}},"50":{"start":{"line":151,"column":6},"end":{"line":153,"column":7}},"51":{"start":{"line":152,"column":8},"end":{"line":152,"column":79}},"52":{"start":{"line":156,"column":21},"end":{"line":160,"column":8}},"53":{"start":{"line":163,"column":6},"end":{"line":163,"column":48}},"54":{"start":{"line":165,"column":6},"end":{"line":165,"column":54}},"55":{"start":{"line":166,"column":6},"end":{"line":175,"column":9}},"56":{"start":{"line":177,"column":6},"end":{"line":177,"column":18}},"57":{"start":{"line":183,"column":0},"end":{"line":232,"column":3}},"58":{"start":{"line":184,"column":2},"end":{"line":231,"column":3}},"59":{"start":{"line":185,"column":29},"end":{"line":185,"column":37}},"60":{"start":{"line":187,"column":4},"end":{"line":189,"column":5}},"61":{"start":{"line":188,"column":6},"end":{"line":188,"column":85}},"62":{"start":{"line":192,"column":20},"end":{"line":192,"column":69}},"63":{"start":{"line":193,"column":4},"end":{"line":195,"column":5}},"64":{"start":{"line":194,"column":6},"end":{"line":194,"column":91}},"65":{"start":{"line":198,"column":22},"end":{"line":198,"column":71}},"66":{"start":{"line":199,"column":4},"end":{"line":201,"column":5}},"67":{"start":{"line":200,"column":6},"end":{"line":200,"column":87}},"68":{"start":{"line":204,"column":17},"end":{"line":204,"column":60}},"69":{"start":{"line":205,"column":4},"end":{"line":207,"column":5}},"70":{"start":{"line":206,"column":6},"end":{"line":206,"column":73}},"71":{"start":{"line":210,"column":4},"end":{"line":212,"column":5}},"72":{"start":{"line":211,"column":6},"end":{"line":211,"column":76}},"73":{"start":{"line":215,"column":4},"end":{"line":215,"column":49}},"74":{"start":{"line":218,"column":19},"end":{"line":222,"column":6}},"75":{"start":{"line":224,"column":4},"end":{"line":224,"column":67}},"76":{"start":{"line":225,"column":4},"end":{"line":228,"column":7}},"77":{"start":{"line":230,"column":4},"end":{"line":230,"column":16}},"78":{"start":{"line":235,"column":0},"end":{"line":287,"column":3}},"79":{"start":{"line":236,"column":2},"end":{"line":286,"column":3}},"80":{"start":{"line":237,"column":20},"end":{"line":237,"column":38}},"81":{"start":{"line":238,"column":22},"end":{"line":238,"column":42}},"82":{"start":{"line":240,"column":15},"end":{"line":240,"column":22}},"83":{"start":{"line":241,"column":33},"end":{"line":241,"column":58}},"84":{"start":{"line":242,"column":24},"end":{"line":242,"column":42}},"85":{"start":{"line":245,"column":4},"end":{"line":271,"column":5}},"86":{"start":{"line":246,"column":6},"end":{"line":270,"column":7}},"87":{"start":{"line":247,"column":23},"end":{"line":247,"column":55}},"88":{"start":{"line":248,"column":8},"end":{"line":269,"column":9}},"89":{"start":{"line":249,"column":10},"end":{"line":249,"column":90}},"90":{"start":{"line":250,"column":10},"end":{"line":250,"column":34}},"91":{"start":{"line":253,"column":10},"end":{"line":253,"column":48}},"92":{"start":{"line":254,"column":10},"end":{"line":254,"column":56}},"93":{"start":{"line":257,"column":10},"end":{"line":257,"column":57}},"94":{"start":{"line":258,"column":10},"end":{"line":258,"column":42}},"95":{"start":{"line":259,"column":10},"end":{"line":259,"column":33}},"96":{"start":{"line":262,"column":10},"end":{"line":262,"column":56}},"97":{"start":{"line":265,"column":10},"end":{"line":268,"column":13}},"98":{"start":{"line":274,"column":29},"end":{"line":274,"column":37}},"99":{"start":{"line":275,"column":4},"end":{"line":277,"column":5}},"100":{"start":{"line":276,"column":6},"end":{"line":276,"column":51}},"101":{"start":{"line":279,"column":4},"end":{"line":282,"column":7}},"102":{"start":{"line":284,"column":4},"end":{"line":284,"column":49}},"103":{"start":{"line":285,"column":4},"end":{"line":285,"column":16}},"104":{"start":{"line":289,"column":0},"end":{"line":289,"column":22}}},"fnMap":{"0":{"name":"(anonymous_1)","decl":{"start":{"line":24,"column":23},"end":{"line":24,"column":28}},"loc":{"start":{"line":24,"column":86},"end":{"line":56,"column":1}}},"1":{"name":"(anonymous_2)","decl":{"start":{"line":82,"column":70},"end":{"line":82,"column":75}},"loc":{"start":{"line":82,"column":95},"end":{"line":126,"column":1}}},"2":{"name":"(anonymous_3)","decl":{"start":{"line":134,"column":2},"end":{"line":134,"column":7}},"loc":{"start":{"line":134,"column":27},"end":{"line":179,"column":3}}},"3":{"name":"(anonymous_4)","decl":{"start":{"line":183,"column":30},"end":{"line":183,"column":35}},"loc":{"start":{"line":183,"column":55},"end":{"line":232,"column":1}}},"4":{"name":"(anonymous_5)","decl":{"start":{"line":235,"column":23},"end":{"line":235,"column":28}},"loc":{"start":{"line":235,"column":81},"end":{"line":287,"column":1}}}},"branchMap":{"0":{"loc":{"start":{"line":34,"column":2},"end":{"line":38,"column":3}},"type":"if","locations":[{"start":{"line":34,"column":2},"end":{"line":38,"column":3}}]},"1":{"loc":{"start":{"line":88,"column":4},"end":{"line":90,"column":5}},"type":"if","locations":[{"start":{"line":88,"column":4},"end":{"line":90,"column":5}}]},"2":{"loc":{"start":{"line":94,"column":4},"end":{"line":96,"column":5}},"type":"if","locations":[{"start":{"line":94,"column":4},"end":{"line":96,"column":5}}]},"3":{"loc":{"start":{"line":140,"column":6},"end":{"line":142,"column":7}},"type":"if","locations":[{"start":{"line":140,"column":6},"end":{"line":142,"column":7}}]},"4":{"loc":{"start":{"line":145,"column":6},"end":{"line":147,"column":7}},"type":"if","locations":[{"start":{"line":145,"column":6},"end":{"line":147,"column":7}}]},"5":{"loc":{"start":{"line":151,"column":6},"end":{"line":153,"column":7}},"type":"if","locations":[{"start":{"line":151,"column":6},"end":{"line":153,"column":7}}]},"6":{"loc":{"start":{"line":159,"column":14},"end":{"line":159,"column":33}},"type":"binary-expr","locations":[{"start":{"line":159,"column":14},"end":{"line":159,"column":23}},{"start":{"line":159,"column":27},"end":{"line":159,"column":33}}]},"7":{"loc":{"start":{"line":187,"column":4},"end":{"line":189,"column":5}},"type":"if","locations":[{"start":{"line":187,"column":4},"end":{"line":189,"column":5}}]},"8":{"loc":{"start":{"line":193,"column":4},"end":{"line":195,"column":5}},"type":"if","locations":[{"start":{"line":193,"column":4},"end":{"line":195,"column":5}}]},"9":{"loc":{"start":{"line":199,"column":4},"end":{"line":201,"column":5}},"type":"if","locations":[{"start":{"line":199,"column":4},"end":{"line":201,"column":5}}]},"10":{"loc":{"start":{"line":205,"column":4},"end":{"line":207,"column":5}},"type":"if","locations":[{"start":{"line":205,"column":4},"end":{"line":207,"column":5}}]},"11":{"loc":{"start":{"line":210,"column":4},"end":{"line":212,"column":5}},"type":"if","locations":[{"start":{"line":210,"column":4},"end":{"line":212,"column":5}}]},"12":{"loc":{"start":{"line":246,"column":6},"end":{"line":270,"column":7}},"type":"if","locations":[{"start":{"line":246,"column":6},"end":{"line":270,"column":7}}]},"13":{"loc":{"start":{"line":248,"column":8},"end":{"line":269,"column":9}},"type":"if","locations":[{"start":{"line":248,"column":8},"end":{"line":269,"column":9}}]},"14":{"loc":{"start":{"line":275,"column":4},"end":{"line":277,"column":5}},"type":"if","locations":[{"start":{"line":275,"column":4},"end":{"line":277,"column":5}}]}},"s":{"0":0,"1":0,"2":0,"3":0,"4":0,"5":0,"6":0,"7":0,"8":0,"9":0,"10":0,"11":0,"12":0,"13":0,"14":0,"15":0,"16":0,"17":0,"18":0,"19":0,"20":0,"21":0,"22":0,"23":0,"24":0,"25":0,"26":0,"27":0,"28":0,"29":0,"30":0,"31":0,"32":0,"33":0,"34":0,"35":0,"36":0,"37":0,"38":0,"39":0,"40":0,"41":0,"42":0,"43":0,"44":0,"45":0,"46":0,"47":0,"48":0,"49":0,"50":0,"51":0,"52":0,"53":0,"54":0,"55":0,"56":0,"57":0,"58":0,"59":0,"60":0,"61":0,"62":0,"63":0,"64":0,"65":0,"66":0,"67":0,"68":0,"69":0,"70":0,"71":0,"72":0,"73":0,"74":0,"75":0,"76":0,"77":0,"78":0,"79":0,"80":0,"81":0,"82":0,"83":0,"84":0,"85":0,"86":0,"87":0,"88":0,"89":0,"90":0,"91":0,"92":0,"93":0,"94":0,"95":0,"96":0,"97":0,"98":0,"99":0,"100":0,"101":0,"102":0,"103":0,"104":0},"f":{"0":0,"1":0,"2":0,"3":0,"4":0},"b":{"0":[0],"1":[0],"2":[0],"3":[0],"4":[0],"5":[0],"6":[0,0],"7":[0],"8":[0],"9":[0],"10":[0],"11":[0],"12":[0],"13":[0],"14":[0]}}
,"C:\\wamp64\\www\\UmbraEternum\\src\\routes\\character.routes.ts": {"path":"C:\\wamp64\\www\\UmbraEternum\\src\\routes\\character.routes.ts","statementMap":{"0":{"start":{"line":1,"column":0},"end":{"line":1,"column":33}},"1":{"start":{"line":2,"column":0},"end":{"line":2,"column":48}},"2":{"start":{"line":3,"column":0},"end":{"line":3,"column":78}},"3":{"start":{"line":4,"column":0},"end":{"line":4,"column":65}},"4":{"start":{"line":5,"column":0},"end":{"line":5,"column":64}},"5":{"start":{"line":6,"column":0},"end":{"line":6,"column":38}},"6":{"start":{"line":7,"column":0},"end":{"line":7,"column":62}},"7":{"start":{"line":9,"column":15},"end":{"line":9,"column":23}},"8":{"start":{"line":12,"column":0},"end":{"line":12,"column":28}},"9":{"start":{"line":15,"column":29},"end":{"line":27,"column":2}},"10":{"start":{"line":30,"column":0},"end":{"line":41,"column":3}},"11":{"start":{"line":31,"column":2},"end":{"line":40,"column":3}},"12":{"start":{"line":32,"column":19},"end":{"line":32,"column":31}},"13":{"start":{"line":33,"column":23},"end":{"line":33,"column":64}},"14":{"start":{"line":35,"column":4},"end":{"line":37,"column":7}},"15":{"start":{"line":39,"column":4},"end":{"line":39,"column":16}},"16":{"start":{"line":44,"column":0},"end":{"line":71,"column":2}},"17":{"start":{"line":48,"column":4},"end":{"line":69,"column":5}},"18":{"start":{"line":49,"column":26},"end":{"line":49,"column":53}},"19":{"start":{"line":50,"column":21},"end":{"line":50,"column":33}},"20":{"start":{"line":52,"column":24},"end":{"line":52,"column":66}},"21":{"start":{"line":55,"column":6},"end":{"line":57,"column":7}},"22":{"start":{"line":56,"column":8},"end":{"line":56,"column":83}},"23":{"start":{"line":60,"column":6},"end":{"line":62,"column":7}},"24":{"start":{"line":61,"column":8},"end":{"line":61,"column":65}},"25":{"start":{"line":64,"column":6},"end":{"line":66,"column":9}},"26":{"start":{"line":68,"column":6},"end":{"line":68,"column":18}},"27":{"start":{"line":74,"column":0},"end":{"line":104,"column":3}},"28":{"start":{"line":75,"column":2},"end":{"line":103,"column":3}},"29":{"start":{"line":76,"column":19},"end":{"line":76,"column":31}},"30":{"start":{"line":77,"column":44},"end":{"line":77,"column":52}},"31":{"start":{"line":80,"column":31},"end":{"line":80,"column":72}},"32":{"start":{"line":81,"column":4},"end":{"line":87,"column":5}},"33":{"start":{"line":82,"column":6},"end":{"line":86,"column":8}},"34":{"start":{"line":90,"column":25},"end":{"line":94,"column":6}},"35":{"start":{"line":96,"column":4},"end":{"line":96,"column":79}},"36":{"start":{"line":97,"column":4},"end":{"line":100,"column":7}},"37":{"start":{"line":102,"column":4},"end":{"line":102,"column":16}},"38":{"start":{"line":107,"column":0},"end":{"line":143,"column":2}},"39":{"start":{"line":112,"column":4},"end":{"line":141,"column":5}},"40":{"start":{"line":113,"column":26},"end":{"line":113,"column":53}},"41":{"start":{"line":114,"column":21},"end":{"line":114,"column":33}},"42":{"start":{"line":115,"column":46},"end":{"line":115,"column":54}},"43":{"start":{"line":118,"column":24},"end":{"line":118,"column":66}},"44":{"start":{"line":119,"column":6},"end":{"line":121,"column":7}},"45":{"start":{"line":120,"column":8},"end":{"line":120,"column":83}},"46":{"start":{"line":124,"column":6},"end":{"line":126,"column":7}},"47":{"start":{"line":125,"column":8},"end":{"line":125,"column":65}},"48":{"start":{"line":129,"column":31},"end":{"line":132,"column":8}},"49":{"start":{"line":134,"column":6},"end":{"line":134,"column":73}},"50":{"start":{"line":135,"column":6},"end":{"line":138,"column":9}},"51":{"start":{"line":140,"column":6},"end":{"line":140,"column":18}},"52":{"start":{"line":146,"column":0},"end":{"line":174,"column":2}},"53":{"start":{"line":150,"column":4},"end":{"line":172,"column":5}},"54":{"start":{"line":151,"column":26},"end":{"line":151,"column":53}},"55":{"start":{"line":152,"column":21},"end":{"line":152,"column":33}},"56":{"start":{"line":155,"column":24},"end":{"line":155,"column":66}},"57":{"start":{"line":156,"column":6},"end":{"line":158,"column":7}},"58":{"start":{"line":157,"column":8},"end":{"line":157,"column":83}},"59":{"start":{"line":161,"column":6},"end":{"line":163,"column":7}},"60":{"start":{"line":162,"column":8},"end":{"line":162,"column":65}},"61":{"start":{"line":166,"column":6},"end":{"line":166,"column":47}},"62":{"start":{"line":168,"column":6},"end":{"line":168,"column":60}},"63":{"start":{"line":169,"column":6},"end":{"line":169,"column":28}},"64":{"start":{"line":171,"column":6},"end":{"line":171,"column":18}},"65":{"start":{"line":176,"column":0},"end":{"line":176,"column":22}}},"fnMap":{"0":{"name":"(anonymous_1)","decl":{"start":{"line":30,"column":16},"end":{"line":30,"column":21}},"loc":{"start":{"line":30,"column":41},"end":{"line":41,"column":1}}},"1":{"name":"(anonymous_2)","decl":{"start":{"line":47,"column":2},"end":{"line":47,"column":7}},"loc":{"start":{"line":47,"column":27},"end":{"line":70,"column":3}}},"2":{"name":"(anonymous_3)","decl":{"start":{"line":74,"column":63},"end":{"line":74,"column":68}},"loc":{"start":{"line":74,"column":88},"end":{"line":104,"column":1}}},"3":{"name":"(anonymous_4)","decl":{"start":{"line":111,"column":2},"end":{"line":111,"column":7}},"loc":{"start":{"line":111,"column":27},"end":{"line":142,"column":3}}},"4":{"name":"(anonymous_5)","decl":{"start":{"line":149,"column":2},"end":{"line":149,"column":7}},"loc":{"start":{"line":149,"column":27},"end":{"line":173,"column":3}}}},"branchMap":{"0":{"loc":{"start":{"line":55,"column":6},"end":{"line":57,"column":7}},"type":"if","locations":[{"start":{"line":55,"column":6},"end":{"line":57,"column":7}}]},"1":{"loc":{"start":{"line":60,"column":6},"end":{"line":62,"column":7}},"type":"if","locations":[{"start":{"line":60,"column":6},"end":{"line":62,"column":7}}]},"2":{"loc":{"start":{"line":81,"column":4},"end":{"line":87,"column":5}},"type":"if","locations":[{"start":{"line":81,"column":4},"end":{"line":87,"column":5}}]},"3":{"loc":{"start":{"line":119,"column":6},"end":{"line":121,"column":7}},"type":"if","locations":[{"start":{"line":119,"column":6},"end":{"line":121,"column":7}}]},"4":{"loc":{"start":{"line":124,"column":6},"end":{"line":126,"column":7}},"type":"if","locations":[{"start":{"line":124,"column":6},"end":{"line":126,"column":7}}]},"5":{"loc":{"start":{"line":156,"column":6},"end":{"line":158,"column":7}},"type":"if","locations":[{"start":{"line":156,"column":6},"end":{"line":158,"column":7}}]},"6":{"loc":{"start":{"line":161,"column":6},"end":{"line":163,"column":7}},"type":"if","locations":[{"start":{"line":161,"column":6},"end":{"line":163,"column":7}}]}},"s":{"0":0,"1":0,"2":0,"3":0,"4":0,"5":0,"6":0,"7":0,"8":0,"9":0,"10":0,"11":0,"12":0,"13":0,"14":0,"15":0,"16":0,"17":0,"18":0,"19":0,"20":0,"21":0,"22":0,"23":0,"24":0,"25":0,"26":0,"27":0,"28":0,"29":0,"30":0,"31":0,"32":0,"33":0,"34":0,"35":0,"36":0,"37":0,"38":0,"39":0,"40":0,"41":0,"42":0,"43":0,"44":0,"45":0,"46":0,"47":0,"48":0,"49":0,"50":0,"51":0,"52":0,"53":0,"54":0,"55":0,"56":0,"57":0,"58":0,"59":0,"60":0,"61":0,"62":0,"63":0,"64":0,"65":0},"f":{"0":0,"1":0,"2":0,"3":0,"4":0},"b":{"0":[0],"1":[0],"2":[0],"3":[0],"4":[0],"5":[0],"6":[0]}}
}
