TN:
SF:src\config\database.ts
FN:37,(anonymous_1)
FNF:1
FNH:0
FNDA:0,(anonymous_1)
DA:1,0
DA:2,0
DA:4,0
DA:18,0
DA:34,0
DA:37,0
DA:38,0
DA:39,0
DA:40,0
DA:41,0
DA:43,0
DA:44,0
DA:48,0
DA:49,0
LF:14
LH:0
BRDA:19,0,0,0
BRDA:19,0,1,0
BRDA:20,1,0,0
BRDA:20,1,1,0
BRDA:21,2,0,0
BRDA:21,2,1,0
BRDA:22,3,0,0
BRDA:22,3,1,0
BRDA:23,4,0,0
BRDA:23,4,1,0
BRDA:28,5,0,0
BRDA:28,5,1,0
BRF:12
BRH:0
end_of_record
TN:
SF:src\config\dbInit.ts
FN:7,(anonymous_1)
FNF:1
FNH:0
FNDA:0,(anonymous_1)
DA:1,0
DA:2,0
DA:7,0
DA:8,0
DA:10,0
DA:28,0
DA:56,0
DA:69,0
DA:71,0
DA:72,0
DA:76,0
LF:11
LH:0
BRF:0
BRH:0
end_of_record
TN:
SF:src\config\io.ts
FN:8,initializeIO
FN:20,getIO
FN:27,getAuthenticatedSockets
FN:31,setAuthenticatedSockets
FN:35,getOnlinePlayers
FN:39,setOnlinePlayers
FN:43,broadcastPlayerCount
FNF:7
FNH:0
FNDA:0,initializeIO
FNDA:0,getIO
FNDA:0,getAuthenticatedSockets
FNDA:0,setAuthenticatedSockets
FNDA:0,getOnlinePlayers
FNDA:0,setOnlinePlayers
FNDA:0,broadcastPlayerCount
DA:1,0
DA:5,0
DA:6,0
DA:8,0
DA:9,0
DA:17,0
DA:20,0
DA:21,0
DA:22,0
DA:24,0
DA:27,0
DA:28,0
DA:31,0
DA:32,0
DA:35,0
DA:36,0
DA:39,0
DA:40,0
DA:43,0
DA:44,0
DA:45,0
LF:21
LH:0
BRDA:11,0,0,0
BRDA:11,0,1,0
BRDA:21,1,0,0
BRDA:44,2,0,0
BRF:4
BRH:0
end_of_record
TN:
SF:src\config\jwt.ts
FNF:0
FNH:0
DA:2,0
DA:3,0
DA:5,0
DA:14,0
DA:15,0
DA:16,0
DA:21,0
DA:28,0
DA:29,0
DA:30,0
DA:31,0
DA:33,0
LF:12
LH:0
BRDA:15,0,0,0
BRDA:22,1,0,0
BRDA:22,1,1,0
BRDA:23,2,0,0
BRDA:23,2,1,0
BRDA:24,3,0,0
BRDA:24,3,1,0
BRDA:29,4,0,0
BRDA:29,4,1,0
BRF:9
BRH:0
end_of_record
TN:
SF:src\config\logger.ts
FN:11,(anonymous_1)
FN:43,(anonymous_2)
FN:46,(anonymous_3)
FN:53,(anonymous_4)
FN:56,(anonymous_5)
FN:59,(anonymous_6)
FNF:6
FNH:0
FNDA:0,(anonymous_1)
FNDA:0,(anonymous_2)
FNDA:0,(anonymous_3)
FNDA:0,(anonymous_4)
FNDA:0,(anonymous_5)
FNDA:0,(anonymous_6)
DA:1,0
DA:2,0
DA:5,0
DA:8,0
DA:11,0
DA:12,0
DA:16,0
DA:42,0
DA:44,0
DA:47,0
DA:48,0
DA:50,0
DA:54,0
DA:57,0
DA:60,0
LF:15
LH:0
BRDA:17,0,0,0
BRDA:17,0,1,0
BRDA:31,1,0,0
BRDA:31,1,1,0
BRDA:47,2,0,0
BRDA:47,2,1,0
BRDA:48,3,0,0
BRDA:48,3,1,0
BRF:8
BRH:0
end_of_record
TN:
SF:src\middlewares\auth.middleware.ts
FN:32,(anonymous_1)
FN:96,(anonymous_2)
FN:113,(anonymous_3)
FNF:3
FNH:0
FNDA:0,(anonymous_1)
FNDA:0,(anonymous_2)
FNDA:0,(anonymous_3)
DA:2,0
DA:3,0
DA:4,0
DA:5,0
DA:32,0
DA:37,0
DA:38,0
DA:40,0
DA:41,0
DA:42,0
DA:45,0
DA:46,0
DA:47,0
DA:48,0
DA:51,0
DA:53,0
DA:54,0
DA:57,0
DA:58,0
DA:59,0
DA:60,0
DA:64,0
DA:65,0
DA:66,0
DA:70,0
DA:76,0
DA:78,0
DA:79,0
DA:80,0
DA:81,0
DA:83,0
DA:84,0
DA:88,0
DA:89,0
DA:96,0
DA:97,0
DA:98,0
DA:99,0
DA:102,0
DA:103,0
DA:104,0
DA:107,0
DA:113,0
DA:114,0
DA:115,0
DA:116,0
DA:119,0
DA:120,0
DA:121,0
DA:124,0
LF:50
LH:0
BRDA:40,0,0,0
BRDA:46,1,0,0
BRDA:46,2,0,0
BRDA:46,2,1,0
BRDA:58,3,0,0
BRDA:64,4,0,0
BRDA:78,5,0,0
BRDA:78,5,1,0
BRDA:80,6,0,0
BRDA:80,6,1,0
BRDA:97,7,0,0
BRDA:102,8,0,0
BRDA:114,9,0,0
BRDA:119,10,0,0
BRDA:119,11,0,0
BRDA:119,11,1,0
BRF:16
BRH:0
end_of_record
TN:
SF:src\middlewares\error.middleware.ts
FN:13,(anonymous_1)
FN:48,(anonymous_2)
FN:61,(anonymous_3)
FNF:3
FNH:0
FNDA:0,(anonymous_1)
FNDA:0,(anonymous_2)
FNDA:0,(anonymous_3)
DA:2,0
DA:13,0
DA:20,0
DA:23,0
DA:27,0
DA:28,0
DA:32,0
DA:35,0
DA:48,0
DA:49,0
DA:50,0
DA:61,0
DA:62,0
DA:63,0
DA:64,0
DA:65,0
DA:67,0
LF:17
LH:0
BRDA:20,0,0,0
BRDA:20,0,1,0
BRDA:27,1,0,0
BRDA:27,2,0,0
BRDA:27,2,1,0
BRDA:38,3,0,0
BRDA:38,3,1,0
BRDA:40,4,0,0
BRDA:40,4,1,0
BRDA:64,5,0,0
BRF:10
BRH:0
end_of_record
TN:
SF:src\middlewares\security.middleware.ts
FN:13,(anonymous_1)
FN:30,(anonymous_2)
FN:42,(anonymous_3)
FN:53,(anonymous_4)
FN:63,(anonymous_5)
FNF:5
FNH:0
FNDA:0,(anonymous_1)
FNDA:0,(anonymous_2)
FNDA:0,(anonymous_3)
FNDA:0,(anonymous_4)
FNDA:0,(anonymous_5)
DA:2,0
DA:3,0
DA:4,0
DA:5,0
DA:8,0
DA:14,0
DA:15,0
DA:25,0
DA:31,0
DA:32,0
DA:42,0
DA:43,0
DA:53,0
DA:54,0
DA:63,0
DA:65,0
DA:68,0
DA:71,0
DA:72,0
DA:75,0
LF:20
LH:0
BRDA:71,0,0,0
BRF:1
BRH:0
end_of_record
TN:
SF:src\middlewares\validation.middleware.ts
FN:9,(anonymous_1)
FN:10,(anonymous_2)
FN:12,(anonymous_3)
FN:22,(anonymous_4)
FN:37,(anonymous_5)
FN:40,(anonymous_6)
FNF:6
FNH:0
FNDA:0,(anonymous_1)
FNDA:0,(anonymous_2)
FNDA:0,(anonymous_3)
FNDA:0,(anonymous_4)
FNDA:0,(anonymous_5)
FNDA:0,(anonymous_6)
DA:2,0
DA:3,0
DA:9,0
DA:10,0
DA:12,0
DA:15,0
DA:16,0
DA:17,0
DA:18,0
DA:22,0
DA:23,0
DA:29,0
DA:30,0
DA:37,0
DA:38,0
DA:40,0
DA:41,0
DA:42,0
DA:46,0
LF:19
LH:0
BRDA:16,0,0,0
BRDA:24,1,0,0
BRDA:24,1,1,0
BRDA:24,1,2,0
BRDA:38,2,0,0
BRDA:41,3,0,0
BRF:6
BRH:0
end_of_record
TN:
SF:src\models\Character.ts
FN:30,(anonymous_1)
FN:93,(anonymous_2)
FN:107,(anonymous_3)
FN:123,(anonymous_4)
FN:129,(anonymous_5)
FN:153,(anonymous_6)
FN:165,(anonymous_7)
FNF:7
FNH:0
FNDA:0,(anonymous_1)
FNDA:0,(anonymous_2)
FNDA:0,(anonymous_3)
FNDA:0,(anonymous_4)
FNDA:0,(anonymous_5)
FNDA:0,(anonymous_6)
FNDA:0,(anonymous_7)
DA:1,0
DA:2,0
DA:31,0
DA:33,0
DA:49,0
DA:51,0
DA:76,0
DA:79,0
DA:83,0
DA:85,0
DA:86,0
DA:94,0
DA:95,0
DA:97,0
DA:99,0
DA:100,0
DA:108,0
DA:109,0
DA:113,0
DA:115,0
DA:116,0
DA:124,0
DA:126,0
DA:127,0
DA:129,0
DA:130,0
DA:131,0
DA:132,0
DA:137,0
DA:140,0
DA:143,0
DA:145,0
DA:146,0
DA:154,0
DA:155,0
DA:157,0
DA:158,0
DA:166,0
DA:167,0
DA:170,0
DA:172,0
DA:173,0
DA:178,0
LF:43
LH:0
BRDA:97,0,0,0
BRDA:97,0,1,0
BRDA:130,1,0,0
BRDA:130,2,0,0
BRDA:130,2,1,0
BRDA:130,2,2,0
BRF:6
BRH:0
end_of_record
TN:
SF:src\models\RefreshToken.ts
FN:17,(anonymous_1)
FN:58,(anonymous_2)
FN:74,(anonymous_3)
FN:94,(anonymous_4)
FN:109,(anonymous_5)
FN:126,(anonymous_6)
FNF:6
FNH:0
FNDA:0,(anonymous_1)
FNDA:0,(anonymous_2)
FNDA:0,(anonymous_3)
FNDA:0,(anonymous_4)
FNDA:0,(anonymous_5)
FNDA:0,(anonymous_6)
DA:1,0
DA:2,0
DA:3,0
DA:18,0
DA:20,0
DA:23,0
DA:24,0
DA:25,0
DA:27,0
DA:28,0
DA:29,0
DA:30,0
DA:31,0
DA:32,0
DA:35,0
DA:41,0
DA:44,0
DA:48,0
DA:50,0
DA:51,0
DA:59,0
DA:60,0
DA:64,0
DA:66,0
DA:67,0
DA:75,0
DA:76,0
DA:78,0
DA:79,0
DA:83,0
DA:84,0
DA:86,0
DA:87,0
DA:95,0
DA:96,0
DA:99,0
DA:101,0
DA:102,0
DA:110,0
DA:111,0
DA:116,0
DA:118,0
DA:119,0
DA:127,0
DA:128,0
DA:133,0
DA:135,0
DA:136,0
DA:141,0
LF:49
LH:0
BRDA:17,0,0,0
BRDA:27,1,0,0
BRDA:27,1,1,0
BRDA:29,2,0,0
BRDA:29,2,1,0
BRDA:31,3,0,0
BRDA:64,4,0,0
BRDA:64,4,1,0
BRDA:78,5,0,0
BRF:9
BRH:0
end_of_record
TN:
SF:src\models\User.ts
FN:32,(anonymous_1)
FN:70,(anonymous_2)
FN:84,(anonymous_3)
FN:98,(anonymous_4)
FN:115,(anonymous_5)
FN:127,(anonymous_6)
FN:151,(anonymous_7)
FN:163,(anonymous_8)
FNF:8
FNH:0
FNDA:0,(anonymous_1)
FNDA:0,(anonymous_2)
FNDA:0,(anonymous_3)
FNDA:0,(anonymous_4)
FNDA:0,(anonymous_5)
FNDA:0,(anonymous_6)
FNDA:0,(anonymous_7)
FNDA:0,(anonymous_8)
DA:1,0
DA:2,0
DA:3,0
DA:33,0
DA:35,0
DA:36,0
DA:38,0
DA:52,0
DA:55,0
DA:60,0
DA:62,0
DA:63,0
DA:71,0
DA:72,0
DA:74,0
DA:76,0
DA:77,0
DA:85,0
DA:86,0
DA:88,0
DA:90,0
DA:91,0
DA:99,0
DA:100,0
DA:105,0
DA:107,0
DA:108,0
DA:116,0
DA:118,0
DA:119,0
DA:120,0
DA:124,0
DA:125,0
DA:127,0
DA:128,0
DA:129,0
DA:130,0
DA:135,0
DA:138,0
DA:141,0
DA:143,0
DA:144,0
DA:152,0
DA:153,0
DA:155,0
DA:156,0
DA:164,0
DA:165,0
DA:167,0
DA:168,0
DA:173,0
LF:51
LH:0
BRDA:45,0,0,0
BRDA:45,0,1,0
BRDA:46,1,0,0
BRDA:46,1,1,0
BRDA:47,2,0,0
BRDA:47,2,1,0
BRDA:74,3,0,0
BRDA:74,3,1,0
BRDA:88,4,0,0
BRDA:88,4,1,0
BRDA:105,5,0,0
BRDA:105,5,1,0
BRDA:118,6,0,0
BRDA:128,7,0,0
BRDA:128,8,0,0
BRDA:128,8,1,0
BRF:16
BRH:0
end_of_record
TN:
SF:src\routes\auth.routes.ts
FN:24,(anonymous_1)
FN:82,(anonymous_2)
FN:134,(anonymous_3)
FN:183,(anonymous_4)
FN:235,(anonymous_5)
FNF:5
FNH:0
FNDA:0,(anonymous_1)
FNDA:0,(anonymous_2)
FNDA:0,(anonymous_3)
FNDA:0,(anonymous_4)
FNDA:0,(anonymous_5)
DA:1,0
DA:2,0
DA:3,0
DA:4,0
DA:5,0
DA:6,0
DA:7,0
DA:8,0
DA:9,0
DA:10,0
DA:12,0
DA:21,0
DA:24,0
DA:26,0
DA:33,0
DA:34,0
DA:35,0
DA:37,0
DA:40,0
DA:42,0
DA:45,0
DA:47,0
DA:53,0
DA:54,0
DA:59,0
DA:79,0
DA:82,0
DA:83,0
DA:84,0
DA:87,0
DA:88,0
DA:89,0
DA:93,0
DA:94,0
DA:95,0
DA:99,0
DA:108,0
DA:115,0
DA:117,0
DA:118,0
DA:124,0
DA:129,0
DA:135,0
DA:136,0
DA:139,0
DA:140,0
DA:141,0
DA:145,0
DA:146,0
DA:150,0
DA:151,0
DA:152,0
DA:156,0
DA:163,0
DA:165,0
DA:166,0
DA:177,0
DA:183,0
DA:184,0
DA:185,0
DA:187,0
DA:188,0
DA:192,0
DA:193,0
DA:194,0
DA:198,0
DA:199,0
DA:200,0
DA:204,0
DA:205,0
DA:206,0
DA:210,0
DA:211,0
DA:215,0
DA:218,0
DA:224,0
DA:225,0
DA:230,0
DA:235,0
DA:236,0
DA:237,0
DA:238,0
DA:240,0
DA:241,0
DA:242,0
DA:245,0
DA:246,0
DA:247,0
DA:248,0
DA:249,0
DA:250,0
DA:253,0
DA:254,0
DA:257,0
DA:258,0
DA:259,0
DA:262,0
DA:265,0
DA:274,0
DA:275,0
DA:276,0
DA:279,0
DA:284,0
DA:285,0
DA:289,0
LF:105
LH:0
BRDA:34,0,0,0
BRDA:88,1,0,0
BRDA:94,2,0,0
BRDA:140,3,0,0
BRDA:145,4,0,0
BRDA:151,5,0,0
BRDA:159,6,0,0
BRDA:159,6,1,0
BRDA:187,7,0,0
BRDA:193,8,0,0
BRDA:199,9,0,0
BRDA:205,10,0,0
BRDA:210,11,0,0
BRDA:246,12,0,0
BRDA:248,13,0,0
BRDA:275,14,0,0
BRF:16
BRH:0
end_of_record
TN:
SF:src\routes\character.routes.ts
FN:30,(anonymous_1)
FN:47,(anonymous_2)
FN:74,(anonymous_3)
FN:111,(anonymous_4)
FN:149,(anonymous_5)
FNF:5
FNH:0
FNDA:0,(anonymous_1)
FNDA:0,(anonymous_2)
FNDA:0,(anonymous_3)
FNDA:0,(anonymous_4)
FNDA:0,(anonymous_5)
DA:1,0
DA:2,0
DA:3,0
DA:4,0
DA:5,0
DA:6,0
DA:7,0
DA:9,0
DA:12,0
DA:15,0
DA:30,0
DA:31,0
DA:32,0
DA:33,0
DA:35,0
DA:39,0
DA:44,0
DA:48,0
DA:49,0
DA:50,0
DA:52,0
DA:55,0
DA:56,0
DA:60,0
DA:61,0
DA:64,0
DA:68,0
DA:74,0
DA:75,0
DA:76,0
DA:77,0
DA:80,0
DA:81,0
DA:82,0
DA:90,0
DA:96,0
DA:97,0
DA:102,0
DA:107,0
DA:112,0
DA:113,0
DA:114,0
DA:115,0
DA:118,0
DA:119,0
DA:120,0
DA:124,0
DA:125,0
DA:129,0
DA:134,0
DA:135,0
DA:140,0
DA:146,0
DA:150,0
DA:151,0
DA:152,0
DA:155,0
DA:156,0
DA:157,0
DA:161,0
DA:162,0
DA:166,0
DA:168,0
DA:169,0
DA:171,0
DA:176,0
LF:66
LH:0
BRDA:55,0,0,0
BRDA:60,1,0,0
BRDA:81,2,0,0
BRDA:119,3,0,0
BRDA:124,4,0,0
BRDA:156,5,0,0
BRDA:161,6,0,0
BRF:7
BRH:0
end_of_record
